<?xml version="1.0" encoding="UTF-8"?>
<!-- Generated by org.testng.reporters.JUnitXMLReporter -->
<testsuite hostname="MZKJ-PC-00759" name="Default test" tests="1" failures="1" timestamp="12 Nov 2018 07:52:29 GMT" time="4.018" errors="0">
  <testcase name="doGet" time="1.394" classname="com.grab.WishTester">
    <failure type="com.roger.grab.base.domain.exception.GrabException" message="返回code为非正常,code:2,data:{&amp;quot;msg&amp;quot;:&amp;quot;You must be logged in to perform this action.&amp;quot;,&amp;quot;code&amp;quot;:2,&amp;quot;data&amp;quot;:{&amp;quot;items&amp;quot;:[{&amp;quot;commerce_product_info&amp;quot;:{&amp;quot;shipping_price_country_code&amp;quot;:&amp;quot;US&amp;quot;,&amp;quot;total_inventory&amp;quot;:50,&amp;quot;default_variation_experiment&amp;quot;:{&amp;quot;no-init-max&amp;quot;:{&amp;quot;shipping_price_country_code&amp;quot;:&amp;quot;US&amp;quot;,&amp;quot;merchant_id&amp;quot;:&amp;quot;58d8ec65ebdcec52c62e7a27&amp;quot;,&amp;quot;has_tier_shipping_options&amp;quot;:false,&amp;quot;inventory&amp;quot;:50,&amp;quot;retail_price&amp;quot;:19,&amp;quot;enabled&amp;quot;:true,&amp;quot;shipping&amp;quot;:1,&amp;quot;price&amp;quot;:2,&amp;quot;price_before_personal_price&amp;quot;:2,&amp;quot;product_id&amp;quot;:&amp;quot;5b0e0f822ea2a264f9170b48&amp;quot;,&amp;quot;sequence_id&amp;quot;:2,&amp;quot;size_id&amp;quot;:&amp;quot;Triggers&amp;quot;,&amp;quot;merchant_dp&amp;quot;:&amp;quot;https://s3-us-west-1.amazonaws.com/sweeper-production-merchantimage/default_dp.png&amp;quot;,&amp;quot;merchant_rating_class&amp;quot;:&amp;quot;star star-4-0&amp;quot;,&amp;quot;merchant_rating&amp;quot;:4.200527704485488,&amp;quot;value_in_points&amp;quot;:750,&amp;quot;localized_retail_price&amp;quot;:{&amp;quot;localized_value&amp;quot;:149.0,&amp;quot;symbol&amp;quot;:&amp;quot;&amp;quot;,&amp;quot;table_id&amp;quot;:&amp;quot;5be9250090b8a6c3caf4cdbc&amp;quot;,&amp;quot;currency_code&amp;quot;:&amp;quot;HKD&amp;quot;},&amp;quot;localized_merchant_price&amp;quot;:1.0,&amp;quot;localized_price_before_personal_price&amp;quot;:{&amp;quot;localized_value&amp;quot;:16.0,&amp;quot;symbol&amp;quot;:&amp;quot;&amp;quot;,&amp;quot;table_id&amp;quot;:&amp;quot;5be9250090b8a6c3caf4cdbc&amp;quot;,&amp;quot;currency_code&amp;quot;:&amp;quot;HKD&amp;quot;},&amp;quot;merchant_name&amp;quot;:&amp;quot;kennethewan999&amp;quot;,&amp;quot;merchant&amp;quot;:&amp;quot;kennethewan999&amp;quot;,&amp;quot;shipping_options&amp;quot;:[{&amp;quot;warehouse_type&amp;quot;:1,&amp;quot;localized_price&amp;quot;:{&amp;quot;localized_value&amp;quot;:8.0,&amp;quot;symbol&amp;quot;:&amp;quot;&amp;quot;,&amp;quot;table_id&amp;quot;:&amp;quot;5be9250090b8a6c3caf4cdbc&amp;quot;,&amp;quot;currency_code&amp;quot;:&amp;quot;HKD&amp;quot;},&amp;quot;price&amp;quot;:1,&amp;quot;name&amp;quot;:&amp;quot;Standard Shipping&amp;quot;,&amp;quot;is_express_type&amp;quot;:false,&amp;quot;option_id&amp;quot;:&amp;quot;standard&amp;quot;,&amp;quot;id&amp;quot;:&amp;quot;standard&amp;quot;,&amp;quot;inventory&amp;quot;:50,&amp;quot;selected&amp;quot;:true}],&amp;quot;shipping_countries_string&amp;quot;:&amp;quot;Ships to United States and 52 other countries&amp;quot;,&amp;quot;merchant_rating_count&amp;quot;:1895,&amp;quot;localized_shipping&amp;quot;:{&amp;quot;localized_value&amp;quot;:8.0,&amp;quot;symbol&amp;quot;:&amp;quot;&amp;quot;,&amp;quot;table_id&amp;quot;:&amp;quot;5be9250090b8a6c3caf4cdbc&amp;quot;,&amp;quot;currency_code&amp;quot;:&amp;quot;HKD&amp;quot;},&amp;quot;color_id&amp;quot;:&amp;quot;black &amp;amp; silver&amp;quot;,&amp;quot;removed&amp;quot;:false,&amp;quot;localized_price&amp;quot;:{&amp;quot;localized_value&amp;quot;:16.0,&amp;quot;symbol&amp;quot;:&amp;quot;&amp;quot;,&amp;quot;table_id&amp;quot;:&amp;quot;5be9250090b8a6c3caf4cdbc&amp;quot;,&amp;quot;currency_code&amp;quot;:&amp;quot;HKD&amp;quot;},&amp;quot;variation_id&amp;quot;:&amp;quot;5b0e0f822ea2a264f9170b49&amp;quot;},&amp;quot;no-init-median&amp;quot;:{&amp;quot;shipping_price_country_code&amp;quot;:&amp;quot;US&amp;quot;,&amp;quot;merchant_id&amp;quot;:&amp;quot;58d8ec65ebdcec52c62e7a27&amp;quot;,&amp;quot;has_tier_shipping_options&amp;quot;:false,&amp;quot;inventory&amp;quot;:50,&amp;quot;retail_price&amp;quot;:19,&amp;quot;enabled&amp;quot;:true,&amp;quot;shipping&amp;quot;:1,&amp;quot;price&amp;quot;:2,&amp;quot;price_before_personal_price&amp;quot;:2,&amp;quot;product_id&amp;quot;:&amp;quot;5b0e0f822ea2a264f9170b48&amp;quot;,&amp;quot;sequence_id&amp;quot;:2,&amp;quot;size_id&amp;quot;:&amp;quot;Triggers&amp;quot;,&amp;quot;merchant_dp&amp;quot;:&amp;quot;https://s3-us-west-1.amazonaws.com/sweeper-production-merchantimage/default_dp.png&amp;quot;,&amp;quot;merchant_rating_class&amp;quot;:&amp;quot;star star-4-0&amp;quot;,&amp;quot;merchant_rating&amp;quot;:4.200527704485488,&amp;quot;value_in_points&amp;quot;:750,&amp;quot;localized_retail_price&amp;quot;:{&amp;quot;localized_value&amp;quot;:149.0,&amp;quot;symbol&amp;quot;:&amp;quot;&amp;quot;,&amp;quot;table_id&amp;quot;:&amp;quot;5be9250090b8a6c3caf4cdbc&amp;quot;,&amp;quot;currency_code&amp;quot;:&amp;quot;HKD&amp;quot;},&amp;quot;localized_merchant_price&amp;quot;:1.0,&amp;quot;localized_price_before_personal_price&amp;quot;:{&amp;quot;localized_value&amp;quot;:16.0,&amp;quot;symbol&amp;quot;:&amp;quot;&amp;quot;,&amp;quot;table_id&amp;quot;:&amp;quot;5be9250090b8a6c3caf4cdbc&amp;quot;,&amp;quot;currency_code&amp;quot;:&amp;quot;HKD&amp;quot;},&amp;quot;merchant_name&amp;quot;:&amp;quot;kennethewan999&amp;quot;,&amp;quot;merchant&amp;quot;:&amp;quot;kennethewan999&amp;quot;,&amp;quot;shipping_options&amp;quot;:[{&amp;quot;warehouse_type&amp;quot;:1,&amp;quot;localized_price&amp;quot;:{&amp;quot;localized_value&amp;quot;:8.0,&amp;quot;symbol&amp;quot;:&amp;quot;&amp;quot;,&amp;quot;table_id&amp;quot;:&amp;quot;5be9250090b8a6c3caf4cdbc&amp;quot;,&amp;quot;currency_code&amp;quot;:&amp;quot;HKD&amp;quot;},&amp;quot;price&amp;quot;:1,&amp;quot;name&amp;quot;:&amp;quot;Standard Shipping&amp;quot;,&amp;quot;is_express_type&amp;quot;:false,&amp;quot;option_id&amp;quot;:&amp;quot;standard&amp;quot;,&amp;quot;id&amp;quot;:&amp;quot;standard&amp;quot;,&amp;quot;inventory&amp;quot;:50,&amp;quot;selected&amp;quot;:true}],&amp;quot;shipping_countries_string&amp;quot;:&amp;quot;Ships to United States and 52 other countries&amp;quot;,&amp;quot;merchant_rating_count&amp;quot;:1895,&amp;quot;localized_shipping&amp;quot;:{&amp;quot;localized_value&amp;quot;:8.0,&amp;quot;symbol&amp;quot;:&amp;quot;&amp;quot;,&amp;quot;table_id&amp;quot;:&amp;quot;5be9250090b8a6c3caf4cdbc&amp;quot;,&amp;quot;currency_code&amp;quot;:&amp;quot;HKD&amp;quot;},&amp;quot;color_id&amp;quot;:&amp;quot;black &amp;amp; silver&amp;quot;,&amp;quot;removed&amp;quot;:false,&amp;quot;localized_price&amp;quot;:{&amp;quot;localized_value&amp;quot;:16.0,&amp;quot;symbol&amp;quot;:&amp;quot;&amp;quot;,&amp;quot;table_id&amp;quot;:&amp;quot;5be9250090b8a6c3caf4cdbc&amp;quot;,&amp;quot;currency_code&amp;quot;:&amp;quot;HKD&amp;quot;},&amp;quot;variation_id&amp;quot;:&amp;quot;5b0e0f822ea2a264f9170b49&amp;quot;},&amp;quot;init-max&amp;quot;:{&amp;quot;shipping_price_country_code&amp;quot;:&amp;quot;US&amp;quot;,&amp;quot;merchant_id&amp;quot;:&amp;quot;58d8ec65ebdcec52c62e7a27&amp;quot;,&amp;quot;has_tier_shipping_options&amp;quot;:false,&amp;quot;inventory&amp;quot;:50,&amp;quot;retail_price&amp;quot;:19,&amp;quot;enabled&amp;quot;:true,&amp;quot;shipping&amp;quot;:1,&amp;quot;price&amp;quot;:2,&amp;quot;price_before_personal_price&amp;quot;:2,&amp;quot;product_id&amp;quot;:&amp;quot;5b0e0f822ea2a264f9170b48&amp;quot;,&amp;quot;sequence_id&amp;quot;:2,&amp;quot;size_id&amp;quot;:&amp;quot;Triggers&amp;quot;,&amp;quot;merchant_dp&amp;quot;:&amp;quot;https://s3-us-west-1.amazonaws.com/sweeper-production-merchantimage/default_dp.png&amp;quot;,&amp;quot;merchant_rating_class&amp;quot;:&amp;quot;star star-4-0&amp;quot;,&amp;quot;merchant_rating&amp;quot;:4.200527704485488,&amp;quot;value_in_points&amp;quot;:750,&amp;quot;localized_retail_price&amp;quot;:{&amp;quot;localized_value&amp;quot;:149.0,&amp;quot;symbol&amp;quot;:&amp;quot;&amp;quot;,&amp;quot;table_id&amp;quot;:&amp;quot;5be9250090b8a6c3caf4cdbc&amp;quot;,&amp;quot;currency_code&amp;quot;:&amp;quot;HKD&amp;quot;},&amp;quot;localized_merchant_price&amp;quot;:1.0,&amp;quot;localized_price_before_personal_price&amp;quot;:{&amp;quot;localized_value&amp;quot;:16.0,&amp;quot;symbol&amp;quot;:&amp;quot;&amp;quot;,&amp;quot;table_id&amp;quot;:&amp;quot;5be9250090b8a6c3caf4cdbc&amp;quot;,&amp;quot;currency_code&amp;quot;:&amp;quot;HKD&amp;quot;},&amp;quot;merchant_name&amp;quot;:&amp;quot;kennethewan999&amp;quot;,&amp;quot;merchant&amp;quot;:&amp;quot;kennethewan999&amp;quot;,&amp;quot;shipping_options&amp;quot;:[{&amp;quot;warehouse_type&amp;quot;:1,&amp;quot;localized_price&amp;quot;:{&amp;quot;localized_value&amp;quot;:8.0,&amp;quot;symbol&amp;quot;:&amp;quot;&amp;quot;,&amp;quot;table_id&amp;quot;:&amp;quot;5be9250090b8a6c3caf4cdbc&amp;quot;,&amp;quot;currency_code&amp;quot;:&amp;quot;HKD&amp;quot;},&amp;quot;price&amp;quot;:1,&amp;quot;name&amp;quot;:&amp;quot;Standard Shipping&amp;quot;,&amp;quot;is_express_type&amp;quot;:false,&amp;quot;option_id&amp;quot;:&amp;quot;standard&amp;quot;,&amp;quot;id&amp;quot;:&amp;quot;standard&amp;quot;,&amp;quot;inventory&amp;quot;:50,&amp;quot;selected&amp;quot;:true}],&amp;quot;shipping_countries_string&amp;quot;:&amp;quot;Ships to United States and 52 other countries&amp;quot;,&amp;quot;merchant_rating_count&amp;quot;:1895,&amp;quot;localized_shipping&amp;quot;:{&amp;quot;localized_value&amp;quot;:8.0,&amp;quot;symbol&amp;quot;:&amp;quot;&amp;quot;,&amp;quot;table_id&amp;quot;:&amp;quot;5be9250090b8a6c3caf4cdbc&amp;quot;,&amp;quot;currency_code&amp;quot;:&amp;quot;HKD&amp;quot;},&amp;quot;color_id&amp;quot;:&amp;quot;black &amp;amp; silver&amp;quot;,&amp;quot;removed&amp;quot;:false,&amp;quot;localized_price&amp;quot;:{&amp;quot;localized_value&amp;quot;:16.0,&amp;quot;symbol&amp;quot;:&amp;quot;&amp;quot;,&amp;quot;table_id&amp;quot;:&amp;quot;5be9250090b8a6c3caf4cdbc&amp;quot;,&amp;quot;currency_code&amp;quot;:&amp;quot;HKD&amp;quot;},&amp;quot;variation_id&amp;quot;:&amp;quot;5b0e0f822ea2a264f9170b49&amp;quot;},&amp;quot;init-median&amp;quot;:{&amp;quot;shipping_price_country_code&amp;quot;:&amp;quot;US&amp;quot;,&amp;quot;merchant_id&amp;quot;:&amp;quot;58d8ec65ebdcec52c62e7a27&amp;quot;,&amp;quot;has_tier_shipping_options&amp;quot;:false,&amp;quot;inventory&amp;quot;:50,&amp;quot;retail_price&amp;quot;:19,&amp;quot;enabled&amp;quot;:true,&amp;quot;shipping&amp;quot;:1,&amp;quot;price&amp;quot;:2,&amp;quot;price_before_personal_price&amp;quot;:2,&amp;quot;product_id&amp;quot;:&amp;quot;5b0e0f822ea2a264f9170b48&amp;quot;,&amp;quot;sequence_id&amp;quot;:2,&amp;quot;size_id&amp;quot;:&amp;quot;Triggers&amp;quot;,&amp;quot;merchant_dp&amp;quot;:&amp;quot;https://s3-us-west-1.amazonaws.com/sweeper-production-merchantimage/default_dp.png&amp;quot;,&amp;quot;merchant_rating_class&amp;quot;:&amp;quot;star star-4-0&amp;quot;,&amp;quot;merchant_rating&amp;quot;:4.200527704485488,&amp;quot;value_in_points&amp;quot;:750,&amp;quot;localized_retail_price&amp;quot;:{&amp;quot;localized_value&amp;quot;:149.0,&amp;quot;symbol&amp;quot;:&amp;quot;&amp;quot;,&amp;quot;table_id&amp;quot;:&amp;quot;5be9250090b8a6c3caf4cdbc&amp;quot;,&amp;quot;currency_code&amp;quot;:&amp;quot;HKD&amp;quot;},&amp;quot;localized_merchant_price&amp;quot;:1.0,&amp;quot;localized_price_before_personal_price&amp;quot;:{&amp;quot;localized_value&amp;quot;:16.0,&amp;quot;symbol&amp;quot;:&amp;quot;&amp;quot;,&amp;quot;table_id&amp;quot;:&amp;quot;5be9250090b8a6c3caf4cdbc&amp;quot;,&amp;quot;currency_code&amp;quot;:&amp;quot;HKD&amp;quot;},&amp;quot;merchant_name&amp;quot;:&amp;quot;kennethewan999&amp;quot;,&amp;quot;merchant&amp;quot;:&amp;quot;kennethewan999&amp;quot;,&amp;quot;shipping_options&amp;quot;:[{&amp;quot;warehouse_type&amp;quot;:1,&amp;quot;localized_price&amp;quot;:{&amp;quot;localized_value&amp;quot;:8.0,&amp;quot;symbol&amp;quot;:&amp;quot;&amp;quot;,&amp;quot;table_id&amp;quot;:&amp;quot;5be9250090b8a6c3caf4cdbc&amp;quot;,&amp;quot;currency_code&amp;quot;:&amp;quot;HKD&amp;quot;},&amp;quot;price&amp;quot;:1,&amp;quot;name&amp;quot;:&amp;quot;Standard Shipping&amp;quot;,&amp;quot;is_express_type&amp;quot;:false,&amp;quot;option_id&amp;quot;:&amp;quot;standard&amp;quot;,&amp;quot;id&amp;quot;:&amp;quot;standard&amp;quot;,&amp;quot;inventory&amp;quot;:50,&amp;quot;selected&amp;quot;:true}],&amp;quot;shipping_countries_string&amp;quot;:&amp;quot;Ships to United States and 52 other countries&amp;quot;,&amp;quot;merchant_rating_count&amp;quot;:1895,&amp;quot;localized_shipping&amp;quot;:{&amp;quot;localized_value&amp;quot;:8.0,&amp;quot;symbol&amp;quot;:&amp;quot;&amp;quot;,&amp;quot;table_id&amp;quot;:&amp;quot;5be9250090b8a6c3caf4cdbc&amp;quot;,&amp;quot;currency_code&amp;quot;:&amp;quot;HKD&amp;quot;},&amp;quot;color_id&amp;quot;:&amp;quot;black &amp;amp; silver&amp;quot;,&amp;quot;removed&amp;quot;:false,&amp;quot;localized_price&amp;quot;:{&amp;quot;localized_value&amp;quot;:16.0,&amp;quot;symbol&amp;quot;:&amp;quot;&amp;quot;,&amp;quot;table_id&amp;quot;:&amp;quot;5be9250090b8a6c3caf4cdbc&amp;quot;,&amp;quot;currency_code&amp;quot;:&amp;quot;HKD&amp;quot;},&amp;quot;variation_id&amp;quot;:&amp;quot;5b0e0f822ea2a264f9170b49&amp;quot;}},&amp;quot;variations&amp;quot;:[{&amp;quot;shipping_price_country_code&amp;quot;:&amp;quot;US&amp;quot;,&amp;quot;merchant_id&amp;quot;:&amp;quot;58d8ec65ebdcec52c62e7a27&amp;quot;,&amp;quot;has_tier_shipping_options&amp;quot;:false,&amp;quot;inventory&amp;quot;:50,&amp;quot;retail_price&amp;quot;:19,&amp;quot;enabled&amp;quot;:true,&amp;quot;shipping&amp;quot;:1,&amp;quot;price&amp;quot;:2,&amp;quot;price_before_personal_price&amp;quot;:2,&amp;quot;product_id&amp;quot;:&amp;quot;5b0e0f822ea2a264f9170b48&amp;quot;,&amp;quot;sequence_id&amp;quot;:2,&amp;quot;size_id&amp;quot;:&amp;quot;Triggers&amp;quot;,&amp;quot;merchant_dp&amp;quot;:&amp;quot;https://s3-us-west-1.amazonaws.com/sweeper-production-merchantimage/default_dp.png&amp;quot;,&amp;quot;merchant_rating_class&amp;quot;:&amp;quot;star star-4-0&amp;quot;,&amp;quot;merchant_rating&amp;quot;:4.200527704485488,&amp;quot;value_in_points&amp;quot;:750,&amp;quot;localized_retail_price&amp;quot;:{&amp;quot;localized_value&amp;quot;:149.0,&amp;quot;symbol&amp;quot;:&amp;quot;&amp;quot;,&amp;quot;table_id&amp;quot;:&amp;quot;5be9250090b8a6c3caf4cdbc&amp;quot;,&amp;quot;currency_code&amp;quot;:&amp;quot;HKD&amp;quot;},&amp;quot;localized_merchant_price&amp;quot;:1.0,&amp;quot;localized_price_before_personal_price&amp;quot;:{&amp;quot;localized_value&amp;quot;:16.0,&amp;quot;symbol&amp;quot;:&amp;quot;&amp;quot;,&amp;quot;table_id&amp;quot;:&amp;quot;5be9250090b8a6c3caf4cdbc&amp;quot;,&amp;quot;currency_code&amp;quot;:&amp;quot;HKD&amp;quot;},&amp;quot;merchant_name&amp;quot;:&amp;quot;kennethewan999&amp;quot;,&amp;quot;merchant&amp;quot;:&amp;quot;kennethewan999&amp;quot;,&amp;quot;shipping_options&amp;quot;:[{&amp;quot;warehouse_type&amp;quot;:1,&amp;quot;localized_price&amp;quot;:{&amp;quot;localized_value&amp;quot;:8.0,&amp;quot;symbol&amp;quot;:&amp;quot;&amp;quot;,&amp;quot;table_id&amp;quot;:&amp;quot;5be9250090b8a6c3caf4cdbc&amp;quot;,&amp;quot;currency_code&amp;quot;:&amp;quot;HKD&amp;quot;},&amp;quot;price&amp;quot;:1,&amp;quot;name&amp;quot;:&amp;quot;Standard Shipping&amp;quot;,&amp;quot;is_express_type&amp;quot;:false,&amp;quot;option_id&amp;quot;:&amp;quot;standard&amp;quot;,&amp;quot;id&amp;quot;:&amp;quot;standard&amp;quot;,&amp;quot;inventory&amp;quot;:50,&amp;quot;selected&amp;quot;:true}],&amp;quot;shipping_countries_string&amp;quot;:&amp;quot;Ships to United States and 52 other countries&amp;quot;,&amp;quot;merchant_rating_count&amp;quot;:1895,&amp;quot;localized_shipping&amp;quot;:{&amp;quot;localized_value&amp;quot;:8.0,&amp;quot;symbol&amp;quot;:&amp;quot;&amp;quot;,&amp;quot;table_id&amp;quot;:&amp;quot;5be9250090b8a6c3caf4cdbc&amp;quot;,&amp;quot;currency_code&amp;quot;:&amp;quot;HKD&amp;quot;},&amp;quot;color_id&amp;quot;:&amp;quot;black &amp;amp; silver&amp;quot;,&amp;quot;removed&amp;quot;:false,&amp;quot;localized_price&amp;quot;:{&amp;quot;localized_value&amp;quot;:16.0,&amp;quot;symbol&amp;quot;:&amp;quot;&amp;quot;,&amp;quot;table_id&amp;quot;:&amp;quot;5be9250090b8a6c3caf4cdbc&amp;quot;,&amp;quot;currency_code&amp;quot;:&amp;quot;HKD&amp;quot;},&amp;quot;variation_id&amp;quot;:&amp;quot;5b0e0f822ea2a264f9170b49&amp;quot;},{&amp;quot;shipping_price_country_code&amp;quot;:&amp;quot;US&amp;quot;,&amp;quot;merchant_id&amp;quot;:&amp;quot;58d8ec65ebdcec52c62e7a27&amp;quot;,&amp;quot;has_tier_shipping_options&amp;quot;:false,&amp;quot;inventory&amp;quot;:50,&amp;quot;retail_price&amp;quot;:19,&amp;quot;enabled&amp;quot;:true,&amp;quot;shipping&amp;quot;:2.0,&amp;quot;price&amp;quot;:8,&amp;quot;price_before_personal_price&amp;quot;:8,&amp;quot;product_id&amp;quot;:&amp;quot;5b0e0f822ea2a264f9170b48&amp;quot;,&amp;quot;sequence_id&amp;quot;:0,&amp;quot;size_id&amp;quot;:&amp;quot;Only handle&amp;quot;,&amp;quot;merchant_dp&amp;quot;:&amp;quot;https://s3-us-west-1.amazonaws.com/sweeper-production-merchantimage/default_dp.png&amp;quot;,&amp;quot;merchant_rating_class&amp;quot;:&amp;quot;star star-4-0&amp;quot;,&amp;quot;merchant_rating&amp;quot;:4.200527704485488,&amp;quot;value_in_points&amp;quot;:2750,&amp;quot;localized_retail_price&amp;quot;:{&amp;quot;localized_value&amp;quot;:149.0,&amp;quot;symbol&amp;quot;:&amp;quot;&amp;quot;,&amp;quot;table_id&amp;quot;:&amp;quot;5be9250090b8a6c3caf4cdbc&amp;quot;,&amp;quot;currency_code&amp;quot;:&amp;quot;HKD&amp;quot;},&amp;quot;localized_merchant_price&amp;quot;:3.0,&amp;quot;localized_price_before_personal_price&amp;quot;:{&amp;quot;localized_value&amp;quot;:63.0,&amp;quot;symbol&amp;quot;:&amp;quot;&amp;quot;,&amp;quot;table_id&amp;quot;:&amp;quot;5be9250090b8a6c3caf4cdbc&amp;quot;,&amp;quot;currency_code&amp;quot;:&amp;quot;HKD&amp;quot;},&amp;quot;merchant_name&amp;quot;:&amp;quot;kennethewan999&amp;quot;,&amp;quot;merchant&amp;quot;:&amp;quot;kennethewan999&amp;quot;,&amp;quot;shipping_options&amp;quot;:[{&amp;quot;warehouse_type&amp;quot;:1,&amp;quot;localized_price&amp;quot;:{&amp;quot;localized_value&amp;quot;:16.0,&amp;quot;symbol&amp;quot;:&amp;quot;&amp;quot;,&amp;quot;table_id&amp;quot;:&amp;quot;5be9250090b8a6c3caf4cdbc&amp;quot;,&amp;quot;currency_code&amp;quot;:&amp;quot;HKD&amp;quot;},&amp;quot;price&amp;quot;:2.0,&amp;quot;name&amp;quot;:&amp;quot;Standard Shipping&amp;quot;,&amp;quot;is_express_type&amp;quot;:false,&amp;quot;option_id&amp;quot;:&amp;quot;standard&amp;quot;,&amp;quot;id&amp;quot;:&amp;quot;standard&amp;quot;,&amp;quot;inventory&amp;quot;:50,&amp;quot;selected&amp;quot;:true}],&amp;quot;shipping_countries_string&amp;quot;:&amp;quot;Ships to United States and 52 other countries&amp;quot;,&amp;quot;merchant_rating_count&amp;quot;:1895,&amp;quot;localized_shipping&amp;quot;:{&amp;quot;localized_value&amp;quot;:16.0,&amp;quot;symbol&amp;quot;:&amp;quot;&amp;quot;,&amp;quot;table_id&amp;quot;:&amp;quot;5be9250090b8a6c3caf4cdbc&amp;quot;,&amp;quot;currency_code&amp;quot;:&amp;quot;HKD&amp;quot;},&amp;quot;color_id&amp;quot;:&amp;quot;black&amp;quot;,&amp;quot;removed&amp;quot;:false,&amp;quot;localized_price&amp;quot;:{&amp;quot;localized_value&amp;quot;:63.0,&amp;quot;symbol&amp;quot;:&amp;quot;&amp;quot;,&amp;quot;table_id&amp;quot;:&amp;quot;5be9250090b8a6c3caf4cdbc&amp;quot;,&amp;quot;currency_code&amp;quot;:&amp;quot;HKD&amp;quot;},&amp;quot;variation_id&amp;quot;:&amp;quot;5b0e0f867d2cfe04658d298f&amp;quot;}],&amp;quot;can_ship_to_location&amp;quot;:false,&amp;quot;logging_fields&amp;quot;:{&amp;quot;log_is_pb&amp;quot;:&amp;quot;0&amp;quot;,&amp;quot;log_product_id&amp;quot;:&amp;quot;5b0e0f822ea2a264f9170b48&amp;quot;,&amp;quot;log_tid&amp;quot;:212,&amp;quot;log_session_id&amp;quot;:&amp;quot;e00693542f50442f806f9463022436d6&amp;quot;,&amp;quot;log_request_id&amp;quot;:&amp;quot;5be9313d98e2193b07035d2b&amp;quot;,&amp;quot;log_request_time&amp;quot;:1542009149,&amp;quot;log_product_price&amp;quot;:&amp;quot;2&amp;quot;},&amp;quot;has_tier_shipping_options&amp;quot;:false,&amp;quot;id&amp;quot;:&amp;quot;5b0e0f822ea2a264f9170b48&amp;quot;,&amp;quot;blocked_shipping_countries&amp;quot;:[],&amp;quot;has_misleading_price&amp;quot;:false},&amp;quot;aspect_ratio&amp;quot;:1.0,&amp;quot;product_url&amp;quot;:&amp;quot;https://www.wish.com/c/5b0e0f822ea2a264f9170b48&amp;quot;,&amp;quot;true_tag_ids&amp;quot;:[&amp;quot;5409ff8f0b642539d49b4b8a&amp;quot;,&amp;quot;54b8349ff8a0b3564716df2b&amp;quot;],&amp;quot;display_picture&amp;quot;:&amp;quot;https://contestimg.wish.com/api/webimage/5b0e0f822ea2a264f9170b48-medium.jpg?cache_buster=8edde34b3adc4d4e61e65bc0895e7c46&amp;quot;,&amp;quot;cache_buster&amp;quot;:&amp;quot;8edde34b3adc4d4e61e65bc0895e7c46&amp;quot;,&amp;quot;merchant_info&amp;quot;:{&amp;quot;image_url&amp;quot;:&amp;quot;https://s3-us-west-1.amazonaws.com/sweeper-production-merchantimage/light_default_dp.png&amp;quot;,&amp;quot;subtitle&amp;quot;:&amp;quot;88% Positive Feedback (1,895 ratings)&amp;quot;,&amp;quot;position&amp;quot;:2,&amp;quot;title&amp;quot;:&amp;quot;kennethewan999&amp;quot;},&amp;quot;contest_selected_picture&amp;quot;:&amp;quot;https://contestimg.wish.com/api/webimage/5b0e0f822ea2a264f9170b48-contest.jpg?cache_buster=8edde34b3adc4d4e61e65bc0895e7c46&amp;quot;,&amp;quot;localized_value&amp;quot;:{&amp;quot;localized_value&amp;quot;:149.0,&amp;quot;symbol&amp;quot;:&amp;quot;&amp;quot;,&amp;quot;table_id&amp;quot;:&amp;quot;5be9250090b8a6c3caf4cdbc&amp;quot;,&amp;quot;currency_code&amp;quot;:&amp;quot;HKD&amp;quot;},&amp;quot;orig_height&amp;quot;:1200,&amp;quot;id&amp;quot;:&amp;quot;5b0e0f822ea2a264f9170b48&amp;quot;,&amp;quot;value&amp;quot;:19,&amp;quot;orig_width&amp;quot;:1200,&amp;quot;is_new&amp;quot;:false,&amp;quot;small_picture&amp;quot;:&amp;quot;https://contestimg.wish.com/api/webimage/5b0e0f822ea2a264f9170b48-small.jpg?cache_buster=8edde34b3adc4d4e61e65bc0895e7c46&amp;quot;,&amp;quot;boost_parameters&amp;quot;:[{&amp;quot;content_type&amp;quot;:1,&amp;quot;contents&amp;quot;:[],&amp;quot;source&amp;quot;:3,&amp;quot;bid&amp;quot;:0.3},{&amp;quot;content_type&amp;quot;:3,&amp;quot;contents&amp;quot;:[],&amp;quot;source&amp;quot;:3,&amp;quot;bid&amp;quot;:0.3},{&amp;quot;content_type&amp;quot;:4,&amp;quot;contents&amp;quot;:[&amp;quot;controller for pubg&amp;quot;,&amp;quot;pubg handle&amp;quot;,&amp;quot;game hand&amp;quot;,&amp;quot;trigger for pubg&amp;quot;],&amp;quot;source&amp;quot;:3,&amp;quot;bid&amp;quot;:0.3},{&amp;quot;content_type&amp;quot;:10,&amp;quot;contents&amp;quot;:[],&amp;quot;source&amp;quot;:3,&amp;quot;bid&amp;quot;:0.3},{&amp;quot;content_type&amp;quot;:11,&amp;quot;contents&amp;quot;:[],&amp;quot;source&amp;quot;:3,&amp;quot;bid&amp;quot;:0.3},{&amp;quot;content_type&amp;quot;:12,&amp;quot;contents&amp;quot;:[],&amp;quot;source&amp;quot;:3,&amp;quot;bid&amp;quot;:0.3},{&amp;quot;content_type&amp;quot;:13,&amp;quot;contents&amp;quot;:[],&amp;quot;source&amp;quot;:3,&amp;quot;bid&amp;quot;:0.3},{&amp;quot;content_type&amp;quot;:14,&amp;quot;contents&amp;quot;:[],&amp;quot;source&amp;quot;:3,&amp;quot;bid&amp;quot;:0.3},{&amp;quot;content_type&amp;quot;:17,&amp;quot;contents&amp;quot;:[],&amp;quot;source&amp;quot;:3,&amp;quot;bid&amp;quot;:0.3}],&amp;quot;should_block_impressions&amp;quot;:false,&amp;quot;num_bought&amp;quot;:1000,&amp;quot;name&amp;quot;:&amp;quot;&amp;quot;,&amp;quot;generation_time&amp;quot;:1542007635,&amp;quot;feed_tile_text&amp;quot;:&amp;quot;1000+ bought this&amp;quot;,&amp;quot;image_phash&amp;quot;:-303638027673848348,&amp;quot;product_should_block_impressions&amp;quot;:false,&amp;quot;product_badges&amp;quot;:[],&amp;quot;contest_page_picture&amp;quot;:&amp;quot;https://contestimg.wish.com/api/webimage/5b0e0f822ea2a264f9170b48-large.jpg?cache_buster=8edde34b3adc4d4e61e65bc0895e7c46&amp;quot;},{&amp;quot;commerce_product_info&amp;quot;:{&amp;quot;shipping_price_country_code&amp;quot;:&amp;quot;US&amp;quot;,&amp;quot;total_inventory&amp;quot;:50,&amp;quot;default_variation_experiment&amp;quot;:{&amp;quot;no-init-max&amp;quot;:{&amp;quot;shipping_price_country_code&amp;quot;:&amp;quot;US&amp;quot;,&amp;quot;original_price&amp;quot;:1,&amp;quot;localized_merchant_cost&amp;quot;:0.85,&amp;quot;merchant_id&amp;quot;:&amp;quot;53e46993d9113931b03379f5&amp;quot;,&amp;quot;experiment_shipping_options&amp;quot;:{&amp;quot;reasonable2&amp;quot;:[{&amp;quot;original_price&amp;quot;:1.0,&amp;quot;warehouse_type&amp;quot;:1,&amp;quot;localized_merchant_cost&amp;quot;:0.85,&amp;quot;cost&amp;quot;:0.85,&amp;quot;localized_merchant_price&amp;quot;:1.0,&amp;quot;is_express_type&amp;quot;:false,&amp;quot;inventory&amp;quot;:218,&amp;quot;price&amp;quot;:1.0,&amp;quot;name&amp;quot;:&amp;quot;Standard Shipping&amp;quot;,&amp;quot;option_id&amp;quot;:&amp;quot;standard&amp;quot;,&amp;quot;id&amp;quot;:&amp;quot;standard&amp;quot;,&amp;quot;selected&amp;quot;:false,&amp;quot;warehouse_id&amp;quot;:&amp;quot;59b84dc66fa88c8a4fc2c02f&amp;quot;}],&amp;quot;max5&amp;quot;:[{&amp;quot;original_price&amp;quot;:1.0,&amp;quot;warehouse_type&amp;quot;:1,&amp;quot;localized_merchant_cost&amp;quot;:0.85,&amp;quot;cost&amp;quot;:0.85,&amp;quot;localized_merchant_price&amp;quot;:1.0,&amp;quot;is_express_type&amp;quot;:false,&amp;quot;inventory&amp;quot;:218,&amp;quot;price&amp;quot;:1.0,&amp;quot;name&amp;quot;:&amp;quot;Standard Shipping&amp;quot;,&amp;quot;option_id&amp;quot;:&amp;quot;standard&amp;quot;,&amp;quot;id&amp;quot;:&amp;quot;standard&amp;quot;,&amp;quot;selected&amp;quot;:false,&amp;quot;warehouse_id&amp;quot;:&amp;quot;59b84dc66fa88c8a4fc2c02f&amp;quot;}],&amp;quot;control&amp;quot;:[{&amp;quot;original_price&amp;quot;:1.0,&amp;quot;warehouse_type&amp;quot;:1,&amp;quot;localized_merchant_cost&amp;quot;:0.85,&amp;quot;cost&amp;quot;:0.85,&amp;quot;localized_merchant_price&amp;quot;:1.0,&amp;quot;is_express_type&amp;quot;:false,&amp;quot;inventory&amp;quot;:218,&amp;quot;price&amp;quot;:1.0,&amp;quot;name&amp;quot;:&amp;quot;Standard Shipping&amp;quot;,&amp;quot;option_id&amp;quot;:&amp;quot;standard&amp;quot;,&amp;quot;id&amp;quot;:&amp;quot;standard&amp;quot;,&amp;quot;selected&amp;quot;:false,&amp;quot;warehouse_id&amp;quot;:&amp;quot;59b84dc66fa88c8a4fc2c02f&amp;quot;}]},&amp;quot;has_tier_shipping_options&amp;quot;:false,&amp;quot;inventory&amp;quot;:218,&amp;quot;retail_price&amp;quot;:16,&amp;quot;enabled&amp;quot;:true,&amp;quot;merchant_price&amp;quot;:1.0,&amp;quot;merchant_is_cost_based&amp;quot;:false,&amp;quot;shipping&amp;quot;:1,&amp;quot;is_strategic_merchant&amp;quot;:false,&amp;quot;merchant_shipping&amp;quot;:1.0,&amp;quot;price&amp;quot;:1,&amp;quot;product_id&amp;quot;:&amp;quot;5a3e0f72552354190c6c1751&amp;quot;,&amp;quot;sequence_id&amp;quot;:0,&amp;quot;size_id&amp;quot;:&amp;quot;S&amp;quot;,&amp;quot;merchant_dp&amp;quot;:&amp;quot;https://s3-us-west-1.amazonaws.com/sweeper-production-merchantimage/default_dp.png&amp;quot;,&amp;quot;merchant_rating_class&amp;quot;:&amp;quot;star star-4-5&amp;quot;,&amp;quot;merchant_rating&amp;quot;:4.274652647390162,&amp;quot;cost&amp;quot;:0.85,&amp;quot;merchant_source_currency&amp;quot;:&amp;quot;USD&amp;quot;,&amp;quot;shipping_cost&amp;quot;:0.85,&amp;quot;is_wish_x_merchant&amp;quot;:false,&amp;quot;localized_merchant_price&amp;quot;:1.0,&amp;quot;merchant_name&amp;quot;:&amp;quot;saihetech&amp;quot;,&amp;quot;merchant&amp;quot;:&amp;quot;TinkSky Beauty Store&amp;quot;,&amp;quot;purchase_count&amp;quot;:307,&amp;quot;shipping_options&amp;quot;:[{&amp;quot;original_price&amp;quot;:1.0,&amp;quot;warehouse_type&amp;quot;:1,&amp;quot;localized_merchant_cost&amp;quot;:0.85,&amp;quot;cost&amp;quot;:0.85,&amp;quot;localized_merchant_price&amp;quot;:1.0,&amp;quot;is_express_type&amp;quot;:false,&amp;quot;inventory&amp;quot;:218,&amp;quot;price&amp;quot;:1.0,&amp;quot;name&amp;quot;:&amp;quot;Standard Shipping&amp;quot;,&amp;quot;option_id&amp;quot;:&amp;quot;standard&amp;quot;,&amp;quot;id&amp;quot;:&amp;quot;standard&amp;quot;,&amp;quot;selected&amp;quot;:false,&amp;quot;warehouse_id&amp;quot;:&amp;quot;59b84dc66fa88c8a4fc2c02f&amp;quot;}],&amp;quot;lifetime_gmv&amp;quot;:773.3781519284735,&amp;quot;shipping_countries_string&amp;quot;:&amp;quot;Ships to United States and 75 other countries&amp;quot;,&amp;quot;merchant_rating_count&amp;quot;:39945,&amp;quot;color_id&amp;quot;:&amp;quot;black&amp;quot;,&amp;quot;merchant_rev_share&amp;quot;:15.0,&amp;quot;removed&amp;quot;:false,&amp;quot;variation_id&amp;quot;:&amp;quot;5a3e0f77eae9ef2f9a290781&amp;quot;,&amp;quot;ships_from&amp;quot;:&amp;quot;Overseas&amp;quot;},&amp;quot;no-init-median&amp;quot;:{&amp;quot;shipping_price_country_code&amp;quot;:&amp;quot;US&amp;quot;,&amp;quot;merchant_id&amp;quot;:&amp;quot;53e46993d9113931b03379f5&amp;quot;,&amp;quot;has_tier_shipping_options&amp;quot;:false,&amp;quot;inventory&amp;quot;:50,&amp;quot;retail_price&amp;quot;:4,&amp;quot;enabled&amp;quot;:true,&amp;quot;shipping&amp;quot;:1,&amp;quot;price&amp;quot;:1,&amp;quot;price_before_personal_price&amp;quot;:1,&amp;quot;product_id&amp;quot;:&amp;quot;5a3e0f72552354190c6c1751&amp;quot;,&amp;quot;sequence_id&amp;quot;:0,&amp;quot;size_id&amp;quot;:&amp;quot;S&amp;quot;,&amp;quot;merchant_dp&amp;quot;:&amp;quot;https://s3-us-west-1.amazonaws.com/sweeper-production-merchantimage/default_dp.png&amp;quot;,&amp;quot;merchant_rating_class&amp;quot;:&amp;quot;star star-4-5&amp;quot;,&amp;quot;merchant_rating&amp;quot;:4.274652647390162,&amp;quot;value_in_points&amp;quot;:500,&amp;quot;localized_retail_price&amp;quot;:{&amp;quot;localized_value&amp;quot;:32.0,&amp;quot;symbol&amp;quot;:&amp;quot;&amp;quot;,&amp;quot;table_id&amp;quot;:&amp;quot;5be9250090b8a6c3caf4cdbc&amp;quot;,&amp;quot;currency_code&amp;quot;:&amp;quot;HKD&amp;quot;},&amp;quot;localized_merchant_price&amp;quot;:1.0,&amp;quot;localized_price_before_personal_price&amp;quot;:{&amp;quot;localized_value&amp;quot;:8.0,&amp;quot;symbol&amp;quot;:&amp;quot;&amp;quot;,&amp;quot;table_id&amp;quot;:&amp;quot;5be9250090b8a6c3caf4cdbc&amp;quot;,&amp;quot;currency_code&amp;quot;:&amp;quot;HKD&amp;quot;},&amp;quot;merchant_name&amp;quot;:&amp;quot;saihetech&amp;quot;,&amp;quot;merchant&amp;quot;:&amp;quot;TinkSky Beauty Store&amp;quot;,&amp;quot;shipping_options&amp;quot;:[{&amp;quot;warehouse_type&amp;quot;:1,&amp;quot;localized_price&amp;quot;:{&amp;quot;localized_value&amp;quot;:8.0,&amp;quot;symbol&amp;quot;:&amp;quot;&amp;quot;,&amp;quot;table_id&amp;quot;:&amp;quot;5be9250090b8a6c3caf4cdbc&amp;quot;,&amp;quot;currency_code&amp;quot;:&amp;quot;HKD&amp;quot;},&amp;quot;price&amp;quot;:1,&amp;quot;name&amp;quot;:&amp;quot;Standard Shipping&amp;quot;,&amp;quot;is_express_type&amp;quot;:false,&amp;quot;option_id&amp;quot;:&amp;quot;standard&amp;quot;,&amp;quot;id&amp;quot;:&amp;quot;standard&amp;quot;,&amp;quot;inventory&amp;quot;:50,&amp;quot;selected&amp;quot;:true}],&amp;quot;shipping_countries_string&amp;quot;:&amp;quot;Ships to United States and 75 other countries&amp;quot;,&amp;quot;merchant_rating_count&amp;quot;:39945,&amp;quot;localized_shipping&amp;quot;:{&amp;quot;localized_value&amp;quot;:8.0,&amp;quot;symbol&amp;quot;:&amp;quot;&amp;quot;,&amp;quot;table_id&amp;quot;:&amp;quot;5be9250090b8a6c3caf4cdbc&amp;quot;,&amp;quot;currency_code&amp;quot;:&amp;quot;HKD&amp;quot;},&amp;quot;color_id&amp;quot;:&amp;quot;royalblue&amp;quot;,&amp;quot;removed&amp;quot;:false,&amp;quot;localized_price&amp;quot;:{&amp;quot;localized_value&amp;quot;:8.0,&amp;quot;symbol&amp;quot;:&amp;quot;&amp;quot;,&amp;quot;table_id&amp;quot;:&amp;quot;5be9250090b8a6c3caf4cdbc&amp;quot;,&amp;quot;currency_code&amp;quot;:&amp;quot;HKD&amp;quot;},&amp;quot;variation_id&amp;quot;:&amp;quot;5a3e0f72552354190c6c1752&amp;quot;,&amp;quot;ships_from&amp;quot;:&amp;quot;Overseas&amp;quot;},&amp;quot;init-max&amp;quot;:{&amp;quot;shipping_price_country_code&amp;quot;:&amp;quot;US&amp;quot;,&amp;quot;original_price&amp;quot;:1,&amp;quot;localized_merchant_cost&amp;quot;:0.85,&amp;quot;merchant_id&amp;quot;:&amp;quot;53e46993d9113931b03379f5&amp;quot;,&amp;quot;experiment_shipping_options&amp;quot;:{&amp;quot;reasonable2&amp;quot;:[{&amp;quot;original_price&amp;quot;:1.0,&amp;quot;warehouse_type&amp;quot;:1,&amp;quot;localized_merchant_cost&amp;quot;:0.85,&amp;quot;cost&amp;quot;:0.85,&amp;quot;localized_merchant_price&amp;quot;:1.0,&amp;quot;is_express_type&amp;quot;:false,&amp;quot;inventory&amp;quot;:218,&amp;quot;price&amp;quot;:1.0,&amp;quot;name&amp;quot;:&amp;quot;Standard Shipping&amp;quot;,&amp;quot;option_id&amp;quot;:&amp;quot;standard&amp;quot;,&amp;quot;id&amp;quot;:&amp;quot;standard&amp;quot;,&amp;quot;selected&amp;quot;:false,&amp;quot;warehouse_id&amp;quot;:&amp;quot;59b84dc66fa88c8a4fc2c02f&amp;quot;}],&amp;quot;max5&amp;quot;:[{&amp;quot;original_price&amp;quot;:1.0,&amp;quot;warehouse_type&amp;quot;:1,&amp;quot;localized_merchant_cost&amp;quot;:0.85,&amp;quot;cost&amp;quot;:0.85,&amp;quot;localized_merchant_price&amp;quot;:1.0,&amp;quot;is_express_type&amp;quot;:false,&amp;quot;inventory&amp;quot;:218,&amp;quot;price&amp;quot;:1.0,&amp;quot;name&amp;quot;:&amp;quot;Standard Shipping&amp;quot;,&amp;quot;option_id&amp;quot;:&amp;quot;standard&amp;quot;,&amp;quot;id&amp;quot;:&amp;quot;standard&amp;quot;,&amp;quot;selected&amp;quot;:false,&amp;quot;warehouse_id&amp;quot;:&amp;quot;59b84dc66fa88c8a4fc2c02f&amp;quot;}],&amp;quot;control&amp;quot;:[{&amp;quot;original_price&amp;quot;:1.0,&amp;quot;warehouse_type&amp;quot;:1,&amp;quot;localized_merchant_cost&amp;quot;:0.85,&amp;quot;cost&amp;quot;:0.85,&amp;quot;localized_merchant_price&amp;quot;:1.0,&amp;quot;is_express_type&amp;quot;:false,&amp;quot;inventory&amp;quot;:218,&amp;quot;price&amp;quot;:1.0,&amp;quot;name&amp;quot;:&amp;quot;Standard Shipping&amp;quot;,&amp;quot;option_id&amp;quot;:&amp;quot;standard&amp;quot;,&amp;quot;id&amp;quot;:&amp;quot;standard&amp;quot;,&amp;quot;selected&amp;quot;:false,&amp;quot;warehouse_id&amp;quot;:&amp;quot;59b84dc66fa88c8a4fc2c02f&amp;quot;}]},&amp;quot;has_tier_shipping_options&amp;quot;:false,&amp;quot;inventory&amp;quot;:218,&amp;quot;retail_price&amp;quot;:16,&amp;quot;enabled&amp;quot;:true,&amp;quot;merchant_price&amp;quot;:1.0,&amp;quot;merchant_is_cost_based&amp;quot;:false,&amp;quot;shipping&amp;quot;:1,&amp;quot;is_strategic_merchant&amp;quot;:false,&amp;quot;merchant_shipping&amp;quot;:1.0,&amp;quot;price&amp;quot;:1,&amp;quot;product_id&amp;quot;:&amp;quot;5a3e0f72552354190c6c1751&amp;quot;,&amp;quot;sequence_id&amp;quot;:0,&amp;quot;size_id&amp;quot;:&amp;quot;S&amp;quot;,&amp;quot;merchant_dp&amp;quot;:&amp;quot;https://s3-us-west-1.amazonaws.com/sweeper-production-merchantimage/default_dp.png&amp;quot;,&amp;quot;merchant_rating_class&amp;quot;:&amp;quot;star star-4-5&amp;quot;,&amp;quot;merchant_rating&amp;quot;:4.274652647390162,&amp;quot;cost&amp;quot;:0.85,&amp;quot;merchant_source_currency&amp;quot;:&amp;quot;USD&amp;quot;,&amp;quot;shipping_cost&amp;quot;:0.85,&amp;quot;is_wish_x_merchant&amp;quot;:false,&amp;quot;localized_merchant_price&amp;quot;:1.0,&amp;quot;merchant_name&amp;quot;:&amp;quot;saihetech&amp;quot;,&amp;quot;merchant&amp;quot;:&amp;quot;TinkSky Beauty Store&amp;quot;,&amp;quot;purchase_count&amp;quot;:307,&amp;quot;shipping_options&amp;quot;:[{&amp;quot;original_price&amp;quot;:1.0,&amp;quot;warehouse_type&amp;quot;:1,&amp;quot;localized_merchant_cost&amp;quot;:0.85,&amp;quot;cost&amp;quot;:0.85,&amp;quot;localized_merchant_price&amp;quot;:1.0,&amp;quot;is_express_type&amp;quot;:false,&amp;quot;inventory&amp;quot;:218,&amp;quot;price&amp;quot;:1.0,&amp;quot;name&amp;quot;:&amp;quot;Standard Shipping&amp;quot;,&amp;quot;option_id&amp;quot;:&amp;quot;standard&amp;quot;,&amp;quot;id&amp;quot;:&amp;quot;standard&amp;quot;,&amp;quot;selected&amp;quot;:false,&amp;quot;warehouse_id&amp;quot;:&amp;quot;59b84dc66fa88c8a4fc2c02f&amp;quot;}],&amp;quot;lifetime_gmv&amp;quot;:773.3781519284735,&amp;quot;shipping_countries_string&amp;quot;:&amp;quot;Ships to United States and 75 other countries&amp;quot;,&amp;quot;merchant_rating_count&amp;quot;:39945,&amp;quot;color_id&amp;quot;:&amp;quot;black&amp;quot;,&amp;quot;merchant_rev_share&amp;quot;:15.0,&amp;quot;removed&amp;quot;:false,&amp;quot;variation_id&amp;quot;:&amp;quot;5a3e0f77eae9ef2f9a290781&amp;quot;,&amp;quot;ships_from&amp;quot;:&amp;quot;Overseas&amp;quot;},&amp;quot;init-median&amp;quot;:{&amp;quot;shipping_price_country_code&amp;quot;:&amp;quot;US&amp;quot;,&amp;quot;merchant_id&amp;quot;:&amp;quot;53e46993d9113931b03379f5&amp;quot;,&amp;quot;has_tier_shipping_options&amp;quot;:false,&amp;quot;inventory&amp;quot;:50,&amp;quot;retail_price&amp;quot;:4,&amp;quot;enabled&amp;quot;:true,&amp;quot;shipping&amp;quot;:1,&amp;quot;price&amp;quot;:1,&amp;quot;price_before_personal_price&amp;quot;:1,&amp;quot;product_id&amp;quot;:&amp;quot;5a3e0f72552354190c6c1751&amp;quot;,&amp;quot;sequence_id&amp;quot;:0,&amp;quot;size_id&amp;quot;:&amp;quot;S&amp;quot;,&amp;quot;merchant_dp&amp;quot;:&amp;quot;https://s3-us-west-1.amazonaws.com/sweeper-production-merchantimage/default_dp.png&amp;quot;,&amp;quot;merchant_rating_class&amp;quot;:&amp;quot;star star-4-5&amp;quot;,&amp;quot;merchant_rating&amp;quot;:4.274652647390162,&amp;quot;value_in_points&amp;quot;:500,&amp;quot;localized_retail_price&amp;quot;:{&amp;quot;localized_value&amp;quot;:32.0,&amp;quot;symbol&amp;quot;:&amp;quot;&amp;quot;,&amp;quot;table_id&amp;quot;:&amp;quot;5be9250090b8a6c3caf4cdbc&amp;quot;,&amp;quot;currency_code&amp;quot;:&amp;quot;HKD&amp;quot;},&amp;quot;localized_merchant_price&amp;quot;:1.0,&amp;quot;localized_price_before_personal_price&amp;quot;:{&amp;quot;localized_value&amp;quot;:8.0,&amp;quot;symbol&amp;quot;:&amp;quot;&amp;quot;,&amp;quot;table_id&amp;quot;:&amp;quot;5be9250090b8a6c3caf4cdbc&amp;quot;,&amp;quot;currency_code&amp;quot;:&amp;quot;HKD&amp;quot;},&amp;quot;merchant_name&amp;quot;:&amp;quot;saihetech&amp;quot;,&amp;quot;merchant&amp;quot;:&amp;quot;TinkSky Beauty Store&amp;quot;,&amp;quot;shipping_options&amp;quot;:[{&amp;quot;warehouse_type&amp;quot;:1,&amp;quot;localized_price&amp;quot;:{&amp;quot;localized_value&amp;quot;:8.0,&amp;quot;symbol&amp;quot;:&amp;quot;&amp;quot;,&amp;quot;table_id&amp;quot;:&amp;quot;5be9250090b8a6c3caf4cdbc&amp;quot;,&amp;quot;currency_code&amp;quot;:&amp;quot;HKD&amp;quot;},&amp;quot;price&amp;quot;:1,&amp;quot;name&amp;quot;:&amp;quot;Standard Shipping&amp;quot;,&amp;quot;is_express_type&amp;quot;:false,&amp;quot;option_id&amp;quot;:&amp;quot;standard&amp;quot;,&amp;quot;id&amp;quot;:&amp;quot;standard&amp;quot;,&amp;quot;inventory&amp;quot;:50,&amp;quot;selected&amp;quot;:true}],&amp;quot;shipping_countries_string&amp;quot;:&amp;quot;Ships to United States and 75 other countries&amp;quot;,&amp;quot;merchant_rating_count&amp;quot;:39945,&amp;quot;localized_shipping&amp;quot;:{&amp;quot;localized_value&amp;quot;:8.0,&amp;quot;symbol&amp;quot;:&amp;quot;&amp;quot;,&amp;quot;table_id&amp;quot;:&amp;quot;5be9250090b8a6c3caf4cdbc&amp;quot;,&amp;quot;currency_code&amp;quot;:&amp;quot;HKD&amp;quot;},&amp;quot;color_id&amp;quot;:&amp;quot;royalblue&amp;quot;,&amp;quot;removed&amp;quot;:false,&amp;quot;localized_price&amp;quot;:{&amp;quot;localized_value&amp;quot;:8.0,&amp;quot;symbol&amp;quot;:&amp;quot;&amp;quot;,&amp;quot;table_id&amp;quot;:&amp;quot;5be9250090b8a6c3caf4cdbc&amp;quot;,&amp;quot;currency_code&amp;quot;:&amp;quot;HKD&amp;quot;},&amp;quot;variation_id&amp;quot;:&amp;quot;5a3e0f72552354190c6c1752&amp;quot;,&amp;quot;ships_from&amp;quot;:&amp;quot;Overseas&amp;quot;}},&amp;quot;variations&amp;quot;:[{&amp;quot;shipping_price_country_code&amp;quot;:&amp;quot;US&amp;quot;,&amp;quot;merchant_id&amp;quot;:&amp;quot;53e46993d9113931b03379f5&amp;quot;,&amp;quot;has_tier_shipping_options&amp;quot;:false,&amp;quot;inventory&amp;quot;:50,&amp;quot;retail_price&amp;quot;:4,&amp;quot;enabled&amp;quot;:true,&amp;quot;shipping&amp;quot;:1,&amp;quot;price&amp;quot;:1,&amp;quot;price_before_personal_price&amp;quot;:1,&amp;quot;product_id&amp;quot;:&amp;quot;5a3e0f72552354190c6c1751&amp;quot;,&amp;quot;sequence_id&amp;quot;:0,&amp;quot;size_id&amp;quot;:&amp;quot;S&amp;quot;,&amp;quot;merchant_dp&amp;quot;:&amp;quot;https://s3-us-west-1.amazonaws.com/sweeper-production-merchantimage/default_dp.png&amp;quot;,&amp;quot;merchant_rating_class&amp;quot;:&amp;quot;star star-4-5&amp;quot;,&amp;quot;merchant_rating&amp;quot;:4.274652647390162,&amp;quot;value_in_points&amp;quot;:500,&amp;quot;localized_retail_price&amp;quot;:{&amp;quot;localized_value&amp;quot;:32.0,&amp;quot;symbol&amp;quot;:&amp;quot;&amp;quot;,&amp;quot;table_id&amp;quot;:&amp;quot;5be9250090b8a6c3caf4cdbc&amp;quot;,&amp;quot;currency_code&amp;quot;:&amp;quot;HKD&amp;quot;},&amp;quot;localized_merchant_price&amp;quot;:1.0,&amp;quot;localized_price_before_personal_price&amp;quot;:{&amp;quot;localized_value&amp;quot;:8.0,&amp;quot;symbol&amp;quot;:&amp;quot;&amp;quot;,&amp;quot;table_id&amp;quot;:&amp;quot;5be9250090b8a6c3caf4cdbc&amp;quot;,&amp;quot;currency_code&amp;quot;:&amp;quot;HKD&amp;quot;},&amp;quot;merchant_name&amp;quot;:&amp;quot;saihetech&amp;quot;,&amp;quot;merchant&amp;quot;:&amp;quot;TinkSky Beauty Store&amp;quot;,&amp;quot;shipping_options&amp;quot;:[{&amp;quot;warehouse_type&amp;quot;:1,&amp;quot;localized_price&amp;quot;:{&amp;quot;localized_value&amp;quot;:8.0,&amp;quot;symbol&amp;quot;:&amp;quot;&amp;quot;,&amp;quot;table_id&amp;quot;:&amp;quot;5be9250090b8a6c3caf4cdbc&amp;quot;,&amp;quot;currency_code&amp;quot;:&amp;quot;HKD&amp;quot;},&amp;quot;price&amp;quot;:1,&amp;quot;name&amp;quot;:&amp;quot;Standard Shipping&amp;quot;,&amp;quot;is_express_type&amp;quot;:false,&amp;quot;option_id&amp;quot;:&amp;quot;standard&amp;quot;,&amp;quot;id&amp;quot;:&amp;quot;standard&amp;quot;,&amp;quot;inventory&amp;quot;:50,&amp;quot;selected&amp;quot;:true}],&amp;quot;shipping_countries_string&amp;quot;:&amp;quot;Ships to United States and 75 other countries&amp;quot;,&amp;quot;merchant_rating_count&amp;quot;:39945,&amp;quot;localized_shipping&amp;quot;:{&amp;quot;localized_value&amp;quot;:8.0,&amp;quot;symbol&amp;quot;:&amp;quot;&amp;quot;,&amp;quot;table_id&amp;quot;:&amp;quot;5be9250090b8a6c3caf4cdbc&amp;quot;,&amp;quot;currency_code&amp;quot;:&amp;quot;HKD&amp;quot;},&amp;quot;color_id&amp;quot;:&amp;quot;royalblue&amp;quot;,&amp;quot;removed&amp;quot;:false,&amp;quot;localized_price&amp;quot;:{&amp;quot;localized_value&amp;quot;:8.0,&amp;quot;symbol&amp;quot;:&amp;quot;&amp;quot;,&amp;quot;table_id&amp;quot;:&amp;quot;5be9250090b8a6c3caf4cdbc&amp;quot;,&amp;quot;currency_code&amp;quot;:&amp;quot;HKD&amp;quot;},&amp;quot;variation_id&amp;quot;:&amp;quot;5a3e0f72552354190c6c1752&amp;quot;,&amp;quot;ships_from&amp;quot;:&amp;quot;Overseas&amp;quot;},{&amp;quot;shipping_price_country_code&amp;quot;:&amp;quot;US&amp;quot;,&amp;quot;merchant_id&amp;quot;:&amp;quot;53e46993d9113931b03379f5&amp;quot;,&amp;quot;has_tier_shipping_options&amp;quot;:false,&amp;quot;inventory&amp;quot;:50,&amp;quot;retail_price&amp;quot;:16,&amp;quot;enabled&amp;quot;:true,&amp;quot;shipping&amp;quot;:1.0,&amp;quot;price&amp;quot;:4,&amp;quot;price_before_personal_price&amp;quot;:4,&amp;quot;product_id&amp;quot;:&amp;quot;5a3e0f72552354190c6c1751&amp;quot;,&amp;quot;sequence_id&amp;quot;:0,&amp;quot;size_id&amp;quot;:&amp;quot;L&amp;quot;,&amp;quot;merchant_dp&amp;quot;:&amp;quot;https://s3-us-west-1.amazonaws.com/sweeper-production-merchantimage/default_dp.png&amp;quot;,&amp;quot;merchant_rating_class&amp;quot;:&amp;quot;star star-4-5&amp;quot;,&amp;quot;merchant_rating&amp;quot;:4.274652647390162,&amp;quot;value_in_points&amp;quot;:1500,&amp;quot;localized_retail_price&amp;quot;:{&amp;quot;localized_value&amp;quot;:126.0,&amp;quot;symbol&amp;quot;:&amp;quot;&amp;quot;,&amp;quot;table_id&amp;quot;:&amp;quot;5be9250090b8a6c3caf4cdbc&amp;quot;,&amp;quot;currency_code&amp;quot;:&amp;quot;HKD&amp;quot;},&amp;quot;localized_merchant_price&amp;quot;:2.0,&amp;quot;localized_price_before_personal_price&amp;quot;:{&amp;quot;localized_value&amp;quot;:32.0,&amp;quot;symbol&amp;quot;:&amp;quot;&amp;quot;,&amp;quot;table_id&amp;quot;:&amp;quot;5be9250090b8a6c3caf4cdbc&amp;quot;,&amp;quot;currency_code&amp;quot;:&amp;quot;HKD&amp;quot;},&amp;quot;merchant_name&amp;quot;:&amp;quot;saihetech&amp;quot;,&amp;quot;merchant&amp;quot;:&amp;quot;TinkSky Beauty Store&amp;quot;,&amp;quot;shipping_options&amp;quot;:[{&amp;quot;warehouse_type&amp;quot;:1,&amp;quot;localized_price&amp;quot;:{&amp;quot;localized_value&amp;quot;:8.0,&amp;quot;symbol&amp;quot;:&amp;quot;&amp;quot;,&amp;quot;table_id&amp;quot;:&amp;quot;5be9250090b8a6c3caf4cdbc&amp;quot;,&amp;quot;currency_code&amp;quot;:&amp;quot;HKD&amp;quot;},&amp;quot;price&amp;quot;:1.0,&amp;quot;name&amp;quot;:&amp;quot;Standard Shipping&amp;quot;,&amp;quot;is_express_type&amp;quot;:false,&amp;quot;option_id&amp;quot;:&amp;quot;standard&amp;quot;,&amp;quot;id&amp;quot;:&amp;quot;standard&amp;quot;,&amp;quot;inventory&amp;quot;:50,&amp;quot;selected&amp;quot;:true}],&amp;quot;shipping_countries_string&amp;quot;:&amp;quot;Ships to United States and 75 other countries&amp;quot;,&amp;quot;merchant_rating_count&amp;quot;:39945,&amp;quot;localized_shipping&amp;quot;:{&amp;quot;localized_value&amp;quot;:8.0,&amp;quot;symbol&amp;quot;:&amp;quot;&amp;quot;,&amp;quot;table_id&amp;quot;:&amp;quot;5be9250090b8a6c3caf4cdbc&amp;quot;,&amp;quot;currency_code&amp;quot;:&amp;quot;HKD&amp;quot;},&amp;quot;color_id&amp;quot;:&amp;quot;black&amp;quot;,&amp;quot;removed&amp;quot;:false,&amp;quot;localized_price&amp;quot;:{&amp;quot;localized_value&amp;quot;:32.0,&amp;quot;symbol&amp;quot;:&amp;quot;&amp;quot;,&amp;quot;table_id&amp;quot;:&amp;quot;5be9250090b8a6c3caf4cdbc&amp;quot;,&amp;quot;currency_code&amp;quot;:&amp;quot;HKD&amp;quot;},&amp;quot;variation_id&amp;quot;:&amp;quot;5a3e0f7dcd0e6867293ab80f&amp;quot;,&amp;quot;ships_from&amp;quot;:&amp;quot;Overseas&amp;quot;}],&amp;quot;can_ship_to_location&amp;quot;:false,&amp;quot;logging_fields&amp;quot;:{&amp;quot;log_is_pb&amp;quot;:&amp;quot;0&amp;quot;,&amp;quot;log_product_id&amp;quot;:&amp;quot;5a3e0f72552354190c6c1751&amp;quot;,&amp;quot;log_tid&amp;quot;:212,&amp;quot;log_session_id&amp;quot;:&amp;quot;e00693542f50442f806f9463022436d6&amp;quot;,&amp;quot;log_request_id&amp;quot;:&amp;quot;5be9313d98e2193b07035d2b&amp;quot;,&amp;quot;log_request_time&amp;quot;:1542009149,&amp;quot;log_product_price&amp;quot;:&amp;quot;1&amp;quot;},&amp;quot;has_tier_shipping_options&amp;quot;:false,&amp;quot;id&amp;quot;:&amp;quot;5a3e0f72552354190c6c1751&amp;quot;,&amp;quot;blocked_shipping_countries&amp;quot;:[],&amp;quot;has_misleading_price&amp;quot;:false},&amp;quot;aspect_ratio&amp;quot;:1.0,&amp;quot;product_url&amp;quot;:&amp;quot;https://www.wish.com/c/5a3e0f72552354190c6c1751&amp;quot;,&amp;quot;true_tag_ids&amp;quot;:[&amp;quot;5406282f0b64256288412756&amp;quot;],&amp;quot;display_picture&amp;quot;:&amp;quot;https://contestimg.wish.com/api/webimage/5a3e0f72552354190c6c1751-medium.jpg?cache_buster=1e22440a19aefe310caa79cf01402ac3&amp;quot;,&amp;quot;cache_buster&amp;quot;:&amp;quot;1e22440a19aefe310caa79cf01402ac3&amp;quot;,&amp;quot;merchant_info&amp;quot;:{&amp;quot;image_url&amp;quot;:&amp;quot;https://s3-us-west-1.amazonaws.com/sweeper-production-merchantimage/light_default_dp.png&amp;quot;,&amp;quot;subtitle&amp;quot;:&amp;quot;90% Positive Feedback (39,945 ratings)&amp;quot;,&amp;quot;position&amp;quot;:2,&amp;quot;title&amp;quot;:&amp;quot;TinkSky Beauty Store&amp;quot;},&amp;quot;contest_selected_picture&amp;quot;:&amp;quot;https://contestimg.wish.com/api/webimage/5a3e0f72552354190c6c1751-contest.jpg?cache_buster=1e22440a19aefe310caa79cf01402ac3&amp;quot;,&amp;quot;localized_value&amp;quot;:{&amp;quot;localized_value&amp;quot;:32.0,&amp;quot;symbol&amp;quot;:&amp;quot;&amp;quot;,&amp;quot;table_id&amp;quot;:&amp;quot;5be9250090b8a6c3caf4cdbc&amp;quot;,&amp;quot;currency_code&amp;quot;:&amp;quot;HKD&amp;quot;},&amp;quot;orig_height&amp;quot;:600,&amp;quot;id&amp;quot;:&amp;quot;5a3e0f72552354190c6c1751&amp;quot;,&amp;quot;value&amp;quot;:4,&amp;quot;orig_width&amp;quot;:600,&amp;quot;is_new&amp;quot;:false,&amp;quot;small_picture&amp;quot;:&amp;quot;https://contestimg.wish.com/api/webimage/5a3e0f72552354190c6c1751-small.jpg?cache_buster=1e22440a19aefe310caa79cf01402ac3&amp;quot;,&amp;quot;boost_parameters&amp;quot;:[],&amp;quot;should_block_impressions&amp;quot;:false,&amp;quot;num_bought&amp;quot;:1000,&amp;quot;name&amp;quot;:&amp;quot;&amp;quot;,&amp;quot;generation_time&amp;quot;:1542007619,&amp;quot;feed_tile_text&amp;quot;:&amp;quot;1000+ bought this&amp;quot;,&amp;quot;product_should_block_impressions&amp;quot;:false,&amp;quot;image_phash&amp;quot;:-1482577069023611923,&amp;quot;product_badges&amp;quot;:[],&amp;quot;contest_page_picture&amp;quot;:&amp;quot;https://contestimg.wish.com/api/webimage/5a3e0f72552354190c6c1751-large.jpg?cache_buster=1e22440a19aefe310caa79cf01402ac3&amp;quot;},{&amp;quot;commerce_product_info&amp;quot;:{&amp;quot;shipping_price_country_code&amp;quot;:&amp;quot;US&amp;quot;,&amp;quot;total_inventory&amp;quot;:50,&amp;quot;default_variation_experiment&amp;quot;:{&amp;quot;no-init-max&amp;quot;:{&amp;quot;shipping_price_country_code&amp;quot;:&amp;quot;US&amp;quot;,&amp;quot;merchant_id&amp;quot;:&amp;quot;5a33a2cead472332548cbb1c&amp;quot;,&amp;quot;has_tier_shipping_options&amp;quot;:false,&amp;quot;inventory&amp;quot;:50,&amp;quot;retail_price&amp;quot;:7,&amp;quot;enabled&amp;quot;:true,&amp;quot;shipping&amp;quot;:1.0,&amp;quot;price&amp;quot;:3,&amp;quot;price_before_personal_price&amp;quot;:3,&amp;quot;product_id&amp;quot;:&amp;quot;5a424dc75983514c2316e247&amp;quot;,&amp;quot;sequence_id&amp;quot;:0,&amp;quot;merchant_dp&amp;quot;:&amp;quot;https://s3-us-west-1.amazonaws.com/sweeper-production-merchantimage/default_dp.png&amp;quot;,&amp;quot;merchant_rating_class&amp;quot;:&amp;quot;star star-4-5&amp;quot;,&amp;quot;merchant_rating&amp;quot;:4.421808960270499,&amp;quot;value_in_points&amp;quot;:1000,&amp;quot;localized_retail_price&amp;quot;:{&amp;quot;localized_value&amp;quot;:55.0,&amp;quot;symbol&amp;quot;:&amp;quot;&amp;quot;,&amp;quot;table_id&amp;quot;:&amp;quot;5be9250090b8a6c3caf4cdbc&amp;quot;,&amp;quot;currency_code&amp;quot;:&amp;quot;HKD&amp;quot;},&amp;quot;localized_merchant_price&amp;quot;:1.0,&amp;quot;localized_price_before_personal_price&amp;quot;:{&amp;quot;localized_value&amp;quot;:24.0,&amp;quot;symbol&amp;quot;:&amp;quot;&amp;quot;,&amp;quot;table_id&amp;quot;:&amp;quot;5be9250090b8a6c3caf4cdbc&amp;quot;,&amp;quot;currency_code&amp;quot;:&amp;quot;HKD&amp;quot;},&amp;quot;merchant_name&amp;quot;:&amp;quot;fashion_boom&amp;quot;,&amp;quot;merchant&amp;quot;:&amp;quot;Fashion_BOB&amp;quot;,&amp;quot;shipping_options&amp;quot;:[{&amp;quot;warehouse_type&amp;quot;:1,&amp;quot;localized_price&amp;quot;:{&amp;quot;localized_value&amp;quot;:8.0,&amp;quot;symbol&amp;quot;:&amp;quot;&amp;quot;,&amp;quot;table_id&amp;quot;:&amp;quot;5be9250090b8a6c3caf4cdbc&amp;quot;,&amp;quot;currency_code&amp;quot;:&amp;quot;HKD&amp;quot;},&amp;quot;price&amp;quot;:1.0,&amp;quot;name&amp;quot;:&amp;quot;Standard Shipping&amp;quot;,&amp;quot;is_express_type&amp;quot;:false,&amp;quot;option_id&amp;quot;:&amp;quot;standard&amp;quot;,&amp;quot;id&amp;quot;:&amp;quot;standard&amp;quot;,&amp;quot;inventory&amp;quot;:50,&amp;quot;selected&amp;quot;:true}],&amp;quot;shipping_countries_string&amp;quot;:&amp;quot;Ships to United States and 62 other countries&amp;quot;,&amp;quot;merchant_rating_count&amp;quot;:1183,&amp;quot;localized_shipping&amp;quot;:{&amp;quot;localized_value&amp;quot;:8.0,&amp;quot;symbol&amp;quot;:&amp;quot;&amp;quot;,&amp;quot;table_id&amp;quot;:&amp;quot;5be9250090b8a6c3caf4cdbc&amp;quot;,&amp;quot;currency_code&amp;quot;:&amp;quot;HKD&amp;quot;},&amp;quot;color_id&amp;quot;:&amp;quot;black&amp;quot;,&amp;quot;removed&amp;quot;:false,&amp;quot;localized_price&amp;quot;:{&amp;quot;localized_value&amp;quot;:24.0,&amp;quot;symbol&amp;quot;:&amp;quot;&amp;quot;,&amp;quot;table_id&amp;quot;:&amp;quot;5be9250090b8a6c3caf4cdbc&amp;quot;,&amp;quot;currency_code&amp;quot;:&amp;quot;HKD&amp;quot;},&amp;quot;variation_id&amp;quot;:&amp;quot;5a424dc8eceb0867ab43a433&amp;quot;},&amp;quot;no-init-median&amp;quot;:{&amp;quot;shipping_price_country_code&amp;quot;:&amp;quot;US&amp;quot;,&amp;quot;merchant_id&amp;quot;:&amp;quot;5a33a2cead472332548cbb1c&amp;quot;,&amp;quot;has_tier_shipping_options&amp;quot;:false,&amp;quot;inventory&amp;quot;:50,&amp;quot;retail_price&amp;quot;:7,&amp;quot;enabled&amp;quot;:true,&amp;quot;shipping&amp;quot;:1.0,&amp;quot;price&amp;quot;:3,&amp;quot;price_before_personal_price&amp;quot;:3,&amp;quot;product_id&amp;quot;:&amp;quot;5a424dc75983514c2316e247&amp;quot;,&amp;quot;sequence_id&amp;quot;:0,&amp;quot;merchant_dp&amp;quot;:&amp;quot;https://s3-us-west-1.amazonaws.com/sweeper-production-merchantimage/default_dp.png&amp;quot;,&amp;quot;merchant_rating_class&amp;quot;:&amp;quot;star star-4-5&amp;quot;,&amp;quot;merchant_rating&amp;quot;:4.421808960270499,&amp;quot;value_in_points&amp;quot;:1000,&amp;quot;localized_retail_price&amp;quot;:{&amp;quot;localized_value&amp;quot;:55.0,&amp;quot;symbol&amp;quot;:&amp;quot;&amp;quot;,&amp;quot;table_id&amp;quot;:&amp;quot;5be9250090b8a6c3caf4cdbc&amp;quot;,&amp;quot;currency_code&amp;quot;:&amp;quot;HKD&amp;quot;},&amp;quot;localized_merchant_price&amp;quot;:1.0,&amp;quot;localized_price_before_personal_price&amp;quot;:{&amp;quot;localized_value&amp;quot;:24.0,&amp;quot;symbol&amp;quot;:&amp;quot;&amp;quot;,&amp;quot;table_id&amp;quot;:&amp;quot;5be9250090b8a6c3caf4cdbc&amp;quot;,&amp;quot;currency_code&amp;quot;:&amp;quot;HKD&amp;quot;},&amp;quot;merchant_name&amp;quot;:&amp;quot;fashion_boom&amp;quot;,&amp;quot;merchant&amp;quot;:&amp;quot;Fashion_BOB&amp;quot;,&amp;quot;shipping_options&amp;quot;:[{&amp;quot;warehouse_type&amp;quot;:1,&amp;quot;localized_price&amp;quot;:{&amp;quot;localized_value&amp;quot;:8.0,&amp;quot;symbol&amp;quot;:&amp;quot;&amp;quot;,&amp;quot;table_id&amp;quot;:&amp;quot;5be9250090b8a6c3caf4cdbc&amp;quot;,&amp;quot;currency_code&amp;quot;:&amp;quot;HKD&amp;quot;},&amp;quot;price&amp;quot;:1.0,&amp;quot;name&amp;quot;:&amp;quot;Standard Shipping&amp;quot;,&amp;quot;is_express_type&amp;quot;:false,&amp;quot;option_id&amp;quot;:&amp;quot;standard&amp;quot;,&amp;quot;id&amp;quot;:&amp;quot;standard&amp;quot;,&amp;quot;inventory&amp;quot;:50,&amp;quot;selected&amp;quot;:true}],&amp;quot;shipping_countries_string&amp;quot;:&amp;quot;Ships to United States and 62 other countries&amp;quot;,&amp;quot;merchant_rating_count&amp;quot;:1183,&amp;quot;localized_shipping&amp;quot;:{&amp;quot;localized_value&amp;quot;:8.0,&amp;quot;symbol&amp;quot;:&amp;quot;&amp;quot;,&amp;quot;table_id&amp;quot;:&amp;quot;5be9250090b8a6c3caf4cdbc&amp;quot;,&amp;quot;currency_code&amp;quot;:&amp;quot;HKD&amp;quot;},&amp;quot;color_id&amp;quot;:&amp;quot;red&amp;quot;,&amp;quot;removed&amp;quot;:false,&amp;quot;localized_price&amp;quot;:{&amp;quot;localized_value&amp;quot;:24.0,&amp;quot;symbol&amp;quot;:&amp;quot;&amp;quot;,&amp;quot;table_id&amp;quot;:&amp;quot;5be9250090b8a6c3caf4cdbc&amp;quot;,&amp;quot;currency_code&amp;quot;:&amp;quot;HKD&amp;quot;},&amp;quot;variation_id&amp;quot;:&amp;quot;5a424dc75983514c2316e248&amp;quot;},&amp;quot;init-max&amp;quot;:{&amp;quot;shipping_price_country_code&amp;quot;:&amp;quot;US&amp;quot;,&amp;quot;merchant_id&amp;quot;:&amp;quot;5a33a2cead472332548cbb1c&amp;quot;,&amp;quot;has_tier_shipping_options&amp;quot;:false,&amp;quot;inventory&amp;quot;:50,&amp;quot;retail_price&amp;quot;:7,&amp;quot;enabled&amp;quot;:true,&amp;quot;shipping&amp;quot;:1.0,&amp;quot;price&amp;quot;:3,&amp;quot;price_before_personal_price&amp;quot;:3,&amp;quot;product_id&amp;quot;:&amp;quot;5a424dc75983514c2316e247&amp;quot;,&amp;quot;sequence_id&amp;quot;:0,&amp;quot;merchant_dp&amp;quot;:&amp;quot;https://s3-us-west-1.amazonaws.com/sweeper-production-merchantimage/default_dp.png&amp;quot;,&amp;quot;merchant_rating_class&amp;quot;:&amp;quot;star star-4-5&amp;quot;,&amp;quot;merchant_rating&amp;quot;:4.421808960270499,&amp;quot;value_in_points&amp;quot;:1000,&amp;quot;localized_retail_price&amp;quot;:{&amp;quot;localized_value&amp;quot;:55.0,&amp;quot;symbol&amp;quot;:&amp;quot;&amp;quot;,&amp;quot;table_id&amp;quot;:&amp;quot;5be9250090b8a6c3caf4cdbc&amp;quot;,&amp;quot;currency_code&amp;quot;:&amp;quot;HKD&amp;quot;},&amp;quot;localized_merchant_price&amp;quot;:1.0,&amp;quot;localized_price_before_personal_price&amp;quot;:{&amp;quot;localized_value&amp;quot;:24.0,&amp;quot;symbol&amp;quot;:&amp;quot;&amp;quot;,&amp;quot;table_id&amp;quot;:&amp;quot;5be9250090b8a6c3caf4cdbc&amp;quot;,&amp;quot;currency_code&amp;quot;:&amp;quot;HKD&amp;quot;},&amp;quot;merchant_name&amp;quot;:&amp;quot;fashion_boom&amp;quot;,&amp;quot;merchant&amp;quot;:&amp;quot;Fashion_BOB&amp;quot;,&amp;quot;shipping_options&amp;quot;:[{&amp;quot;warehouse_type&amp;quot;:1,&amp;quot;localized_price&amp;quot;:{&amp;quot;localized_value&amp;quot;:8.0,&amp;quot;symbol&amp;quot;:&amp;quot;&amp;quot;,&amp;quot;table_id&amp;quot;:&amp;quot;5be9250090b8a6c3caf4cdbc&amp;quot;,&amp;quot;currency_code&amp;quot;:&amp;quot;HKD&amp;quot;},&amp;quot;price&amp;quot;:1.0,&amp;quot;name&amp;quot;:&amp;quot;Standard Shipping&amp;quot;,&amp;quot;is_express_type&amp;quot;:false,&amp;quot;option_id&amp;quot;:&amp;quot;standard&amp;quot;,&amp;quot;id&amp;quot;:&amp;quot;standard&amp;quot;,&amp;quot;inventory&amp;quot;:50,&amp;quot;selected&amp;quot;:true}],&amp;quot;shipping_countries_string&amp;quot;:&amp;quot;Ships to United States and 62 other countries&amp;quot;,&amp;quot;merchant_rating_count&amp;quot;:1183,&amp;quot;localized_shipping&amp;quot;:{&amp;quot;localized_value&amp;quot;:8.0,&amp;quot;symbol&amp;quot;:&amp;quot;&amp;quot;,&amp;quot;table_id&amp;quot;:&amp;quot;5be9250090b8a6c3caf4cdbc&amp;quot;,&amp;quot;currency_code&amp;quot;:&amp;quot;HKD&amp;quot;},&amp;quot;color_id&amp;quot;:&amp;quot;black&amp;quot;,&amp;quot;removed&amp;quot;:false,&amp;quot;localized_price&amp;quot;:{&amp;quot;localized_value&amp;quot;:24.0,&amp;quot;symbol&amp;quot;:&amp;quot;&amp;quot;,&amp;quot;table_id&amp;quot;:&amp;quot;5be9250090b8a6c3caf4cdbc&amp;quot;,&amp;quot;currency_code&amp;quot;:&amp;quot;HKD&amp;quot;},&amp;quot;variation_id&amp;quot;:&amp;quot;5a424dc8eceb0867ab43a433&amp;quot;},&amp;quot;init-median&amp;quot;:{&amp;quot;shipping_price_country_code&amp;quot;:&amp;quot;US&amp;quot;,&amp;quot;merchant_id&amp;quot;:&amp;quot;5a33a2cead472332548cbb1c&amp;quot;,&amp;quot;has_tier_shipping_options&amp;quot;:false,&amp;quot;inventory&amp;quot;:50,&amp;quot;retail_price&amp;quot;:7,&amp;quot;enabled&amp;quot;:true,&amp;quot;shipping&amp;quot;:1.0,&amp;quot;price&amp;quot;:3,&amp;quot;price_before_personal_price&amp;quot;:3,&amp;quot;product_id&amp;quot;:&amp;quot;5a424dc75983514c2316e247&amp;quot;,&amp;quot;sequence_id&amp;quot;:0,&amp;quot;merchant_dp&amp;quot;:&amp;quot;https://s3-us-west-1.amazonaws.com/sweeper-production-merchantimage/default_dp.png&amp;quot;,&amp;quot;merchant_rating_class&amp;quot;:&amp;quot;star star-4-5&amp;quot;,&amp;quot;merchant_rating&amp;quot;:4.421808960270499,&amp;quot;value_in_points&amp;quot;:1000,&amp;quot;localized_retail_price&amp;quot;:{&amp;quot;localized_value&amp;quot;:55.0,&amp;quot;symbol&amp;quot;:&amp;quot;&amp;quot;,&amp;quot;table_id&amp;quot;:&amp;quot;5be9250090b8a6c3caf4cdbc&amp;quot;,&amp;quot;currency_code&amp;quot;:&amp;quot;HKD&amp;quot;},&amp;quot;localized_merchant_price&amp;quot;:1.0,&amp;quot;localized_price_before_personal_price&amp;quot;:{&amp;quot;localized_value&amp;quot;:24.0,&amp;quot;symbol&amp;quot;:&amp;quot;&amp;quot;,&amp;quot;table_id&amp;quot;:&amp;quot;5be9250090b8a6c3caf4cdbc&amp;quot;,&amp;quot;currency_code&amp;quot;:&amp;quot;HKD&amp;quot;},&amp;quot;merchant_name&amp;quot;:&amp;quot;fashion_boom&amp;quot;,&amp;quot;merchant&amp;quot;:&amp;quot;Fashion_BOB&amp;quot;,&amp;quot;shipping_options&amp;quot;:[{&amp;quot;warehouse_type&amp;quot;:1,&amp;quot;localized_price&amp;quot;:{&amp;quot;localized_value&amp;quot;:8.0,&amp;quot;symbol&amp;quot;:&amp;quot;&amp;quot;,&amp;quot;table_id&amp;quot;:&amp;quot;5be9250090b8a6c3caf4cdbc&amp;quot;,&amp;quot;currency_code&amp;quot;:&amp;quot;HKD&amp;quot;},&amp;quot;price&amp;quot;:1.0,&amp;quot;name&amp;quot;:&amp;quot;Standard Shipping&amp;quot;,&amp;quot;is_express_type&amp;quot;:false,&amp;quot;option_id&amp;quot;:&amp;quot;standard&amp;quot;,&amp;quot;id&amp;quot;:&amp;quot;standard&amp;quot;,&amp;quot;inventory&amp;quot;:50,&amp;quot;selected&amp;quot;:true}],&amp;quot;shipping_countries_string&amp;quot;:&amp;quot;Ships to United States and 62 other countries&amp;quot;,&amp;quot;merchant_rating_count&amp;quot;:1183,&amp;quot;localized_shipping&amp;quot;:{&amp;quot;localized_value&amp;quot;:8.0,&amp;quot;symbol&amp;quot;:&amp;quot;&amp;quot;,&amp;quot;table_id&amp;quot;:&amp;quot;5be9250090b8a6c3caf4cdbc&amp;quot;,&amp;quot;currency_code&amp;quot;:&amp;quot;HKD&amp;quot;},&amp;quot;color_id&amp;quot;:&amp;quot;red&amp;quot;,&amp;quot;removed&amp;quot;:false,&amp;quot;localized_price&amp;quot;:{&amp;quot;localized_value&amp;quot;:24.0,&amp;quot;symbol&amp;quot;:&amp;quot;&amp;quot;,&amp;quot;table_id&amp;quot;:&amp;quot;5be9250090b8a6c3caf4cdbc&amp;quot;,&amp;quot;currency_code&amp;quot;:&amp;quot;HKD&amp;quot;},&amp;quot;variation_id&amp;quot;:&amp;quot;5a424dc75983514c2316e248&amp;quot;}},&amp;quot;variations&amp;quot;:[{&amp;quot;shipping_price_country_code&amp;quot;:&amp;quot;US&amp;quot;,&amp;quot;merchant_id&amp;quot;:&amp;quot;5a33a2cead472332548cbb1c&amp;quot;,&amp;quot;has_tier_shipping_options&amp;quot;:false,&amp;quot;inventory&amp;quot;:50,&amp;quot;retail_price&amp;quot;:7,&amp;quot;enabled&amp;quot;:true,&amp;quot;shipping&amp;quot;:1.0,&amp;quot;price&amp;quot;:3,&amp;quot;price_before_personal_price&amp;quot;:3,&amp;quot;product_id&amp;quot;:&amp;quot;5a424dc75983514c2316e247&amp;quot;,&amp;quot;sequence_id&amp;quot;:0,&amp;quot;merchant_dp&amp;quot;:&amp;quot;https://s3-us-west-1.amazonaws.com/sweeper-production-merchantimage/default_dp.png&amp;quot;,&amp;quot;merchant_rating_class&amp;quot;:&amp;quot;star star-4-5&amp;quot;,&amp;quot;merchant_rating&amp;quot;:4.421808960270499,&amp;quot;value_in_points&amp;quot;:1000,&amp;quot;localized_retail_price&amp;quot;:{&amp;quot;localized_value&amp;quot;:55.0,&amp;quot;symbol&amp;quot;:&amp;quot;&amp;quot;,&amp;quot;table_id&amp;quot;:&amp;quot;5be9250090b8a6c3caf4cdbc&amp;quot;,&amp;quot;currency_code&amp;quot;:&amp;quot;HKD&amp;quot;},&amp;quot;localized_merchant_price&amp;quot;:1.0,&amp;quot;localized_price_before_personal_price&amp;quot;:{&amp;quot;localized_value&amp;quot;:24.0,&amp;quot;symbol&amp;quot;:&amp;quot;&amp;quot;,&amp;quot;table_id&amp;quot;:&amp;quot;5be9250090b8a6c3caf4cdbc&amp;quot;,&amp;quot;currency_code&amp;quot;:&amp;quot;HKD&amp;quot;},&amp;quot;merchant_name&amp;quot;:&amp;quot;fashion_boom&amp;quot;,&amp;quot;merchant&amp;quot;:&amp;quot;Fashion_BOB&amp;quot;,&amp;quot;shipping_options&amp;quot;:[{&amp;quot;warehouse_type&amp;quot;:1,&amp;quot;localized_price&amp;quot;:{&amp;quot;localized_value&amp;quot;:8.0,&amp;quot;symbol&amp;quot;:&amp;quot;&amp;quot;,&amp;quot;table_id&amp;quot;:&amp;quot;5be9250090b8a6c3caf4cdbc&amp;quot;,&amp;quot;currency_code&amp;quot;:&amp;quot;HKD&amp;quot;},&amp;quot;price&amp;quot;:1.0,&amp;quot;name&amp;quot;:&amp;quot;Standard Shipping&amp;quot;,&amp;quot;is_express_type&amp;quot;:false,&amp;quot;option_id&amp;quot;:&amp;quot;standard&amp;quot;,&amp;quot;id&amp;quot;:&amp;quot;standard&amp;quot;,&amp;quot;inventory&amp;quot;:50,&amp;quot;selected&amp;quot;:true}],&amp;quot;shipping_countries_string&amp;quot;:&amp;quot;Ships to United States and 62 other countries&amp;quot;,&amp;quot;merchant_rating_count&amp;quot;:1183,&amp;quot;localized_shipping&amp;quot;:{&amp;quot;localized_value&amp;quot;:8.0,&amp;quot;symbol&amp;quot;:&amp;quot;&amp;quot;,&amp;quot;table_id&amp;quot;:&amp;quot;5be9250090b8a6c3caf4cdbc&amp;quot;,&amp;quot;currency_code&amp;quot;:&amp;quot;HKD&amp;quot;},&amp;quot;color_id&amp;quot;:&amp;quot;red&amp;quot;,&amp;quot;removed&amp;quot;:false,&amp;quot;localized_price&amp;quot;:{&amp;quot;localized_value&amp;quot;:24.0,&amp;quot;symbol&amp;quot;:&amp;quot;&amp;quot;,&amp;quot;table_id&amp;quot;:&amp;quot;5be9250090b8a6c3caf4cdbc&amp;quot;,&amp;quot;currency_code&amp;quot;:&amp;quot;HKD&amp;quot;},&amp;quot;variation_id&amp;quot;:&amp;quot;5a424dc75983514c2316e248&amp;quot;},{&amp;quot;shipping_price_country_code&amp;quot;:&amp;quot;US&amp;quot;,&amp;quot;merchant_id&amp;quot;:&amp;quot;5a33a2cead472332548cbb1c&amp;quot;,&amp;quot;has_tier_shipping_options&amp;quot;:false,&amp;quot;inventory&amp;quot;:50,&amp;quot;retail_price&amp;quot;:7,&amp;quot;enabled&amp;quot;:true,&amp;quot;shipping&amp;quot;:1.0,&amp;quot;price&amp;quot;:3,&amp;quot;price_before_personal_price&amp;quot;:3,&amp;quot;product_id&amp;quot;:&amp;quot;5a424dc75983514c2316e247&amp;quot;,&amp;quot;sequence_id&amp;quot;:0,&amp;quot;merchant_dp&amp;quot;:&amp;quot;https://s3-us-west-1.amazonaws.com/sweeper-production-merchantimage/default_dp.png&amp;quot;,&amp;quot;merchant_rating_class&amp;quot;:&amp;quot;star star-4-5&amp;quot;,&amp;quot;merchant_rating&amp;quot;:4.421808960270499,&amp;quot;value_in_points&amp;quot;:1000,&amp;quot;localized_retail_price&amp;quot;:{&amp;quot;localized_value&amp;quot;:55.0,&amp;quot;symbol&amp;quot;:&amp;quot;&amp;quot;,&amp;quot;table_id&amp;quot;:&amp;quot;5be9250090b8a6c3caf4cdbc&amp;quot;,&amp;quot;currency_code&amp;quot;:&amp;quot;HKD&amp;quot;},&amp;quot;localized_merchant_price&amp;quot;:1.0,&amp;quot;localized_price_before_personal_price&amp;quot;:{&amp;quot;localized_value&amp;quot;:24.0,&amp;quot;symbol&amp;quot;:&amp;quot;&amp;quot;,&amp;quot;table_id&amp;quot;:&amp;quot;5be9250090b8a6c3caf4cdbc&amp;quot;,&amp;quot;currency_code&amp;quot;:&amp;quot;HKD&amp;quot;},&amp;quot;merchant_name&amp;quot;:&amp;quot;fashion_boom&amp;quot;,&amp;quot;merchant&amp;quot;:&amp;quot;Fashion_BOB&amp;quot;,&amp;quot;shipping_options&amp;quot;:[{&amp;quot;warehouse_type&amp;quot;:1,&amp;quot;localized_price&amp;quot;:{&amp;quot;localized_value&amp;quot;:8.0,&amp;quot;symbol&amp;quot;:&amp;quot;&amp;quot;,&amp;quot;table_id&amp;quot;:&amp;quot;5be9250090b8a6c3caf4cdbc&amp;quot;,&amp;quot;currency_code&amp;quot;:&amp;quot;HKD&amp;quot;},&amp;quot;price&amp;quot;:1.0,&amp;quot;name&amp;quot;:&amp;quot;Standard Shipping&amp;quot;,&amp;quot;is_express_type&amp;quot;:false,&amp;quot;option_id&amp;quot;:&amp;quot;standard&amp;quot;,&amp;quot;id&amp;quot;:&amp;quot;standard&amp;quot;,&amp;quot;inventory&amp;quot;:50,&amp;quot;selected&amp;quot;:true}],&amp;quot;shipping_countries_string&amp;quot;:&amp;quot;Ships to United States and 62 other countries&amp;quot;,&amp;quot;merchant_rating_count&amp;quot;:1183,&amp;quot;localized_shipping&amp;quot;:{&amp;quot;localized_value&amp;quot;:8.0,&amp;quot;symbol&amp;quot;:&amp;quot;&amp;quot;,&amp;quot;table_id&amp;quot;:&amp;quot;5be9250090b8a6c3caf4cdbc&amp;quot;,&amp;quot;currency_code&amp;quot;:&amp;quot;HKD&amp;quot;},&amp;quot;color_id&amp;quot;:&amp;quot;black&amp;quot;,&amp;quot;removed&amp;quot;:false,&amp;quot;localized_price&amp;quot;:{&amp;quot;localized_value&amp;quot;:24.0,&amp;quot;symbol&amp;quot;:&amp;quot;&amp;quot;,&amp;quot;table_id&amp;quot;:&amp;quot;5be9250090b8a6c3caf4cdbc&amp;quot;,&amp;quot;currency_code&amp;quot;:&amp;quot;HKD&amp;quot;},&amp;quot;variation_id&amp;quot;:&amp;quot;5a424dc8eceb0867ab43a433&amp;quot;}],&amp;quot;can_ship_to_location&amp;quot;:false,&amp;quot;logging_fields&amp;quot;:{&amp;quot;log_is_pb&amp;quot;:&amp;quot;0&amp;quot;,&amp;quot;log_product_id&amp;quot;:&amp;quot;5a424dc75983514c2316e247&amp;quot;,&amp;quot;log_tid&amp;quot;:212,&amp;quot;log_session_id&amp;quot;:&amp;quot;e00693542f50442f806f9463022436d6&amp;quot;,&amp;quot;log_request_id&amp;quot;:&amp;quot;5be9313d98e2193b07035d2b&amp;quot;,&amp;quot;log_request_time&amp;quot;:1542009149,&amp;quot;log_product_price&amp;quot;:&amp;quot;3&amp;quot;},&amp;quot;has_tier_shipping_options&amp;quot;:false,&amp;quot;id&amp;quot;:&amp;quot;5a424dc75983514c2316e247&amp;quot;,&amp;quot;blocked_shipping_countries&amp;quot;:[],&amp;quot;has_misleading_price&amp;quot;:false},&amp;quot;aspect_ratio&amp;quot;:1.0,&amp;quot;product_url&amp;quot;:&amp;quot;https://www.wish.com/c/5a424dc75983514c2316e247&amp;quot;,&amp;quot;true_tag_ids&amp;quot;:[&amp;quot;54d11815601ef3425f3e3dfa&amp;quot;],&amp;quot;display_picture&amp;quot;:&amp;quot;https://contestimg.wish.com/api/webimage/5a424dc75983514c2316e247-medium.jpg?cache_buster=86816e74f8c9ff2cdb37def603c648d7&amp;quot;,&amp;quot;cache_buster&amp;quot;:&amp;quot;86816e74f8c9ff2cdb37def603c648d7&amp;quot;,&amp;quot;merchant_info&amp;quot;:{&amp;quot;image_url&amp;quot;:&amp;quot;https://s3-us-west-1.amazonaws.com/sweeper-production-merchantimage/light_default_dp.png&amp;quot;,&amp;quot;subtitle&amp;quot;:&amp;quot;94% Positive Feedback (1,183 ratings)&amp;quot;,&amp;quot;position&amp;quot;:2,&amp;quot;title&amp;quot;:&amp;quot;Fashion_BOB&amp;quot;},&amp;quot;contest_selected_picture&amp;quot;:&amp;quot;https://contestimg.wish.com/api/webimage/5a424dc75983514c2316e247-contest.jpg?cache_buster=86816e74f8c9ff2cdb37def603c648d7&amp;quot;,&amp;quot;localized_value&amp;quot;:{&amp;quot;localized_value&amp;quot;:55.0,&amp;quot;symbol&amp;quot;:&amp;quot;&amp;quot;,&amp;quot;table_id&amp;quot;:&amp;quot;5be9250090b8a6c3caf4cdbc&amp;quot;,&amp;quot;currency_code&amp;quot;:&amp;quot;HKD&amp;quot;},&amp;quot;orig_height&amp;quot;:800,&amp;quot;id&amp;quot;:&amp;quot;5a424dc75983514c2316e247&amp;quot;,&amp;quot;value&amp;quot;:7,&amp;quot;orig_width&amp;quot;:800,&amp;quot;is_new&amp;quot;:false,&amp;quot;small_picture&amp;quot;:&amp;quot;https://contestimg.wish.com/api/webimage/5a424dc75983514c2316e247-small.jpg?cache_buster=86816e74f8c9ff2cdb37def603c648d7&amp;quot;,&amp;quot;urgency_text&amp;quot;:&amp;quot;Almost Gone!&amp;quot;,&amp;quot;boost_parameters&amp;quot;:[],&amp;quot;should_block_impressions&amp;quot;:false,&amp;quot;num_bought&amp;quot;:1000,&amp;quot;name&amp;quot;:&amp;quot;&amp;quot;,&amp;quot;generation_time&amp;quot;:1542007620,&amp;quot;feed_tile_text&amp;quot;:&amp;quot;1000+ bought this&amp;quot;,&amp;quot;product_should_block_impressions&amp;quot;:false,&amp;quot;image_phash&amp;quot;:-3779218008690706236,&amp;quot;product_badges&amp;quot;:[],&amp;quot;contest_page_picture&amp;quot;:&amp;quot;https://contestimg.wish.com/api/webimage/5a424dc75983514c2316e247-large.jpg?cache_buster=86816e74f8c9ff2cdb37def603c648d7&amp;quot;},{&amp;quot;commerce_product_info&amp;quot;:{&amp;quot;shipping_price_country_code&amp;quot;:&amp;quot;US&amp;quot;,&amp;quot;total_inventory&amp;quot;:50,&amp;quot;default_variation_experiment&amp;quot;:{&amp;quot;no-init-max&amp;quot;:{&amp;quot;shipping_price_country_code&amp;quot;:&amp;quot;US&amp;quot;,&amp;quot;original_price&amp;quot;:27,&amp;quot;localized_merchant_cost&amp;quot;:22.95,&amp;quot;merchant_id&amp;quot;:&amp;quot;581d51b0e28cba4cf68498e0&amp;quot;,&amp;quot;experiment_shipping_options&amp;quot;:{&amp;quot;reasonable2&amp;quot;:[{&amp;quot;original_price&amp;quot;:6.0,&amp;quot;warehouse_type&amp;quot;:1,&amp;quot;localized_merchant_cost&amp;quot;:5.1,&amp;quot;cost&amp;quot;:5.1,&amp;quot;localized_merchant_price&amp;quot;:6.0,&amp;quot;is_express_type&amp;quot;:false,&amp;quot;inventory&amp;quot;:17,&amp;quot;price&amp;quot;:6.0,&amp;quot;name&amp;quot;:&amp;quot;Standard Shipping&amp;quot;,&amp;quot;option_id&amp;quot;:&amp;quot;standard&amp;quot;,&amp;quot;id&amp;quot;:&amp;quot;standard&amp;quot;,&amp;quot;selected&amp;quot;:false,&amp;quot;warehouse_id&amp;quot;:&amp;quot;5ae3409fc0aaeb763e32f4fd&amp;quot;}],&amp;quot;max5&amp;quot;:[{&amp;quot;original_price&amp;quot;:6.0,&amp;quot;warehouse_type&amp;quot;:1,&amp;quot;localized_merchant_cost&amp;quot;:5.1,&amp;quot;cost&amp;quot;:5.1,&amp;quot;localized_merchant_price&amp;quot;:6.0,&amp;quot;is_express_type&amp;quot;:false,&amp;quot;inventory&amp;quot;:17,&amp;quot;price&amp;quot;:6.0,&amp;quot;name&amp;quot;:&amp;quot;Standard Shipping&amp;quot;,&amp;quot;option_id&amp;quot;:&amp;quot;standard&amp;quot;,&amp;quot;id&amp;quot;:&amp;quot;standard&amp;quot;,&amp;quot;selected&amp;quot;:false,&amp;quot;warehouse_id&amp;quot;:&amp;quot;5ae3409fc0aaeb763e32f4fd&amp;quot;}],&amp;quot;control&amp;quot;:[{&amp;quot;original_price&amp;quot;:6.0,&amp;quot;warehouse_type&amp;quot;:1,&amp;quot;localized_merchant_cost&amp;quot;:5.1,&amp;quot;cost&amp;quot;:5.1,&amp;quot;localized_merchant_price&amp;quot;:6.0,&amp;quot;is_express_type&amp;quot;:false,&amp;quot;inventory&amp;quot;:17,&amp;quot;price&amp;quot;:6.0,&amp;quot;name&amp;quot;:&amp;quot;Standard Shipping&amp;quot;,&amp;quot;option_id&amp;quot;:&amp;quot;standard&amp;quot;,&amp;quot;id&amp;quot;:&amp;quot;standard&amp;quot;,&amp;quot;selected&amp;quot;:false,&amp;quot;warehouse_id&amp;quot;:&amp;quot;5ae3409fc0aaeb763e32f4fd&amp;quot;}]},&amp;quot;has_tier_shipping_options&amp;quot;:false,&amp;quot;inventory&amp;quot;:17,&amp;quot;retail_price&amp;quot;:400,&amp;quot;enabled&amp;quot;:true,&amp;quot;merchant_price&amp;quot;:27.0,&amp;quot;merchant_is_cost_based&amp;quot;:false,&amp;quot;shipping&amp;quot;:6,&amp;quot;is_strategic_merchant&amp;quot;:false,&amp;quot;merchant_shipping&amp;quot;:6.0,&amp;quot;price&amp;quot;:27,&amp;quot;product_id&amp;quot;:&amp;quot;590aa2984331762a053a6847&amp;quot;,&amp;quot;sequence_id&amp;quot;:0,&amp;quot;size_id&amp;quot;:&amp;quot;32&amp;quot;,&amp;quot;merchant_dp&amp;quot;:&amp;quot;https://s3-us-west-1.amazonaws.com/sweeper-production-merchantimage/dp_581d51b0e28cba4cf68498e0.jpg&amp;quot;,&amp;quot;merchant_rating_class&amp;quot;:&amp;quot;star star-4-0&amp;quot;,&amp;quot;merchant_rating&amp;quot;:4.169736842105263,&amp;quot;cost&amp;quot;:22.95,&amp;quot;merchant_source_currency&amp;quot;:&amp;quot;USD&amp;quot;,&amp;quot;shipping_cost&amp;quot;:5.1,&amp;quot;is_wish_x_merchant&amp;quot;:false,&amp;quot;localized_merchant_price&amp;quot;:27.0,&amp;quot;merchant_name&amp;quot;:&amp;quot;newsosoostore&amp;quot;,&amp;quot;merchant&amp;quot;:&amp;quot;Newsosoo  store&amp;quot;,&amp;quot;purchase_count&amp;quot;:509,&amp;quot;shipping_options&amp;quot;:[{&amp;quot;original_price&amp;quot;:6.0,&amp;quot;warehouse_type&amp;quot;:1,&amp;quot;localized_merchant_cost&amp;quot;:5.1,&amp;quot;cost&amp;quot;:5.1,&amp;quot;localized_merchant_price&amp;quot;:6.0,&amp;quot;is_express_type&amp;quot;:false,&amp;quot;inventory&amp;quot;:17,&amp;quot;price&amp;quot;:6.0,&amp;quot;name&amp;quot;:&amp;quot;Standard Shipping&amp;quot;,&amp;quot;option_id&amp;quot;:&amp;quot;standard&amp;quot;,&amp;quot;id&amp;quot;:&amp;quot;standard&amp;quot;,&amp;quot;selected&amp;quot;:false,&amp;quot;warehouse_id&amp;quot;:&amp;quot;5ae3409fc0aaeb763e32f4fd&amp;quot;}],&amp;quot;lifetime_gmv&amp;quot;:18892.417857407625,&amp;quot;shipping_countries_string&amp;quot;:&amp;quot;Ships to United States and 33 other countries&amp;quot;,&amp;quot;merchant_rating_count&amp;quot;:1520,&amp;quot;color_id&amp;quot;:&amp;quot;dark blue&amp;quot;,&amp;quot;merchant_rev_share&amp;quot;:15.0,&amp;quot;removed&amp;quot;:false,&amp;quot;variation_id&amp;quot;:&amp;quot;590aa29f98281c6c502ffc8a&amp;quot;},&amp;quot;no-init-median&amp;quot;:{&amp;quot;shipping_price_country_code&amp;quot;:&amp;quot;US&amp;quot;,&amp;quot;original_price&amp;quot;:28,&amp;quot;localized_merchant_cost&amp;quot;:23.8,&amp;quot;merchant_id&amp;quot;:&amp;quot;581d51b0e28cba4cf68498e0&amp;quot;,&amp;quot;experiment_shipping_options&amp;quot;:{&amp;quot;reasonable2&amp;quot;:[{&amp;quot;original_price&amp;quot;:6.0,&amp;quot;warehouse_type&amp;quot;:1,&amp;quot;localized_merchant_cost&amp;quot;:5.1,&amp;quot;cost&amp;quot;:5.1,&amp;quot;localized_merchant_price&amp;quot;:6.0,&amp;quot;is_express_type&amp;quot;:false,&amp;quot;inventory&amp;quot;:45,&amp;quot;price&amp;quot;:6.0,&amp;quot;name&amp;quot;:&amp;quot;Standard Shipping&amp;quot;,&amp;quot;option_id&amp;quot;:&amp;quot;standard&amp;quot;,&amp;quot;id&amp;quot;:&amp;quot;standard&amp;quot;,&amp;quot;selected&amp;quot;:false,&amp;quot;warehouse_id&amp;quot;:&amp;quot;5ae3409fc0aaeb763e32f4fd&amp;quot;}],&amp;quot;max5&amp;quot;:[{&amp;quot;original_price&amp;quot;:6.0,&amp;quot;warehouse_type&amp;quot;:1,&amp;quot;localized_merchant_cost&amp;quot;:5.1,&amp;quot;cost&amp;quot;:5.1,&amp;quot;localized_merchant_price&amp;quot;:6.0,&amp;quot;is_express_type&amp;quot;:false,&amp;quot;inventory&amp;quot;:45,&amp;quot;price&amp;quot;:6.0,&amp;quot;name&amp;quot;:&amp;quot;Standard Shipping&amp;quot;,&amp;quot;option_id&amp;quot;:&amp;quot;standard&amp;quot;,&amp;quot;id&amp;quot;:&amp;quot;standard&amp;quot;,&amp;quot;selected&amp;quot;:false,&amp;quot;warehouse_id&amp;quot;:&amp;quot;5ae3409fc0aaeb763e32f4fd&amp;quot;}],&amp;quot;control&amp;quot;:[{&amp;quot;original_price&amp;quot;:6.0,&amp;quot;warehouse_type&amp;quot;:1,&amp;quot;localized_merchant_cost&amp;quot;:5.1,&amp;quot;cost&amp;quot;:5.1,&amp;quot;localized_merchant_price&amp;quot;:6.0,&amp;quot;is_express_type&amp;quot;:false,&amp;quot;inventory&amp;quot;:45,&amp;quot;price&amp;quot;:6.0,&amp;quot;name&amp;quot;:&amp;quot;Standard Shipping&amp;quot;,&amp;quot;option_id&amp;quot;:&amp;quot;standard&amp;quot;,&amp;quot;id&amp;quot;:&amp;quot;standard&amp;quot;,&amp;quot;selected&amp;quot;:false,&amp;quot;warehouse_id&amp;quot;:&amp;quot;5ae3409fc0aaeb763e32f4fd&amp;quot;}]},&amp;quot;has_tier_shipping_options&amp;quot;:false,&amp;quot;inventory&amp;quot;:45,&amp;quot;retail_price&amp;quot;:400,&amp;quot;enabled&amp;quot;:true,&amp;quot;merchant_price&amp;quot;:28.0,&amp;quot;merchant_is_cost_based&amp;quot;:false,&amp;quot;shipping&amp;quot;:6,&amp;quot;is_strategic_merchant&amp;quot;:false,&amp;quot;merchant_shipping&amp;quot;:6.0,&amp;quot;price&amp;quot;:28,&amp;quot;product_id&amp;quot;:&amp;quot;590aa2984331762a053a6847&amp;quot;,&amp;quot;sequence_id&amp;quot;:0,&amp;quot;size_id&amp;quot;:&amp;quot;34&amp;quot;,&amp;quot;merchant_dp&amp;quot;:&amp;quot;https://s3-us-west-1.amazonaws.com/sweeper-production-merchantimage/dp_581d51b0e28cba4cf68498e0.jpg&amp;quot;,&amp;quot;merchant_rating_class&amp;quot;:&amp;quot;star star-4-0&amp;quot;,&amp;quot;merchant_rating&amp;quot;:4.169736842105263,&amp;quot;cost&amp;quot;:23.8,&amp;quot;merchant_source_currency&amp;quot;:&amp;quot;USD&amp;quot;,&amp;quot;shipping_cost&amp;quot;:5.1,&amp;quot;is_wish_x_merchant&amp;quot;:false,&amp;quot;localized_merchant_price&amp;quot;:28.0,&amp;quot;merchant_name&amp;quot;:&amp;quot;newsosoostore&amp;quot;,&amp;quot;merchant&amp;quot;:&amp;quot;Newsosoo  store&amp;quot;,&amp;quot;purchase_count&amp;quot;:139,&amp;quot;shipping_options&amp;quot;:[{&amp;quot;original_price&amp;quot;:6.0,&amp;quot;warehouse_type&amp;quot;:1,&amp;quot;localized_merchant_cost&amp;quot;:5.1,&amp;quot;cost&amp;quot;:5.1,&amp;quot;localized_merchant_price&amp;quot;:6.0,&amp;quot;is_express_type&amp;quot;:false,&amp;quot;inventory&amp;quot;:45,&amp;quot;price&amp;quot;:6.0,&amp;quot;name&amp;quot;:&amp;quot;Standard Shipping&amp;quot;,&amp;quot;option_id&amp;quot;:&amp;quot;standard&amp;quot;,&amp;quot;id&amp;quot;:&amp;quot;standard&amp;quot;,&amp;quot;selected&amp;quot;:false,&amp;quot;warehouse_id&amp;quot;:&amp;quot;5ae3409fc0aaeb763e32f4fd&amp;quot;}],&amp;quot;lifetime_gmv&amp;quot;:5318.784700002612,&amp;quot;shipping_countries_string&amp;quot;:&amp;quot;Ships to United States and 33 other countries&amp;quot;,&amp;quot;merchant_rating_count&amp;quot;:1520,&amp;quot;color_id&amp;quot;:&amp;quot;light blue&amp;quot;,&amp;quot;merchant_rev_share&amp;quot;:15.0,&amp;quot;remove
[...]
zed_value":16.0,"symbol":"","table_id":"5be9250090b8a6c3caf4cdbc","currency_code":"HKD"},"merchant_name":"lxiuu","merchant":"Lxiuu","shipping_options":[{"warehouse_type":1,"localized_price":{"localized_value":8.0,"symbol":"","table_id":"5be9250090b8a6c3caf4cdbc","currency_code":"HKD"},"price":1,"name":"Standard Shipping","is_express_type":false,"option_id":"standard","id":"standard","inventory":50,"selected":true}],"shipping_countries_string":"Ships to United States and 77 other countries","merchant_rating_count":4,"localized_shipping":{"localized_value":8.0,"symbol":"","table_id":"5be9250090b8a6c3caf4cdbc","currency_code":"HKD"},"removed":false,"localized_price":{"localized_value":16.0,"symbol":"","table_id":"5be9250090b8a6c3caf4cdbc","currency_code":"HKD"},"variation_id":"5b5efaae2810747f6f6cda30"}},"variations":[{"shipping_price_country_code":"US","merchant_id":"5b4f1643457fbc3b7a1ab9c1","has_tier_shipping_options":false,"inventory":50,"retail_price":49,"enabled":true,"shipping":1,"price":2,"price_before_personal_price":2,"product_id":"5b5efaad2731bc35e1cb07ad","sequence_id":0,"size_id":"1","merchant_dp":"https://s3-us-west-1.amazonaws.com/sweeper-production-merchantimage/default_dp.png","merchant_rating_class":"star star-4-0","merchant_rating":4.0,"value_in_points":750,"localized_retail_price":{"localized_value":384.0,"symbol":"","table_id":"5be9250090b8a6c3caf4cdbc","currency_code":"HKD"},"localized_merchant_price":0.99,"localized_price_before_personal_price":{"localized_value":16.0,"symbol":"","table_id":"5be9250090b8a6c3caf4cdbc","currency_code":"HKD"},"merchant_name":"lxiuu","merchant":"Lxiuu","shipping_options":[{"warehouse_type":1,"localized_price":{"localized_value":8.0,"symbol":"","table_id":"5be9250090b8a6c3caf4cdbc","currency_code":"HKD"},"price":1,"name":"Standard Shipping","is_express_type":false,"option_id":"standard","id":"standard","inventory":50,"selected":true}],"shipping_countries_string":"Ships to United States and 77 other countries","merchant_rating_count":4,"localized_shipping":{"localized_value":8.0,"symbol":"","table_id":"5be9250090b8a6c3caf4cdbc","currency_code":"HKD"},"removed":false,"localized_price":{"localized_value":16.0,"symbol":"","table_id":"5be9250090b8a6c3caf4cdbc","currency_code":"HKD"},"variation_id":"5b5efaae2810747f6f6cda30"},{"shipping_price_country_code":"US","merchant_id":"5b4f1643457fbc3b7a1ab9c1","has_tier_shipping_options":false,"inventory":50,"retail_price":49,"enabled":true,"shipping":1,"price":2,"price_before_personal_price":2,"product_id":"5b5efaad2731bc35e1cb07ad","sequence_id":0,"size_id":"3","merchant_dp":"https://s3-us-west-1.amazonaws.com/sweeper-production-merchantimage/default_dp.png","merchant_rating_class":"star star-4-0","merchant_rating":4.0,"value_in_points":750,"localized_retail_price":{"localized_value":384.0,"symbol":"","table_id":"5be9250090b8a6c3caf4cdbc","currency_code":"HKD"},"localized_merchant_price":0.99,"localized_price_before_personal_price":{"localized_value":16.0,"symbol":"","table_id":"5be9250090b8a6c3caf4cdbc","currency_code":"HKD"},"merchant_name":"lxiuu","merchant":"Lxiuu","shipping_options":[{"warehouse_type":1,"localized_price":{"localized_value":8.0,"symbol":"","table_id":"5be9250090b8a6c3caf4cdbc","currency_code":"HKD"},"price":1,"name":"Standard Shipping","is_express_type":false,"option_id":"standard","id":"standard","inventory":50,"selected":true}],"shipping_countries_string":"Ships to United States and 77 other countries","merchant_rating_count":4,"localized_shipping":{"localized_value":8.0,"symbol":"","table_id":"5be9250090b8a6c3caf4cdbc","currency_code":"HKD"},"removed":false,"localized_price":{"localized_value":16.0,"symbol":"","table_id":"5be9250090b8a6c3caf4cdbc","currency_code":"HKD"},"variation_id":"5b5efab087c5b80537c235bc"}],"can_ship_to_location":false,"logging_fields":{"log_is_pb":"0","log_product_id":"5b5efaad2731bc35e1cb07ad","log_tid":212,"log_session_id":"e00693542f50442f806f9463022436d6","log_request_id":"5be9313d98e2193b07035d2b","log_request_time":1542009149,"log_product_price":"2"},"has_tier_shipping_options":false,"id":"5b5efaad2731bc35e1cb07ad","blocked_shipping_countries":[],"has_misleading_price":false},"aspect_ratio":1.0,"product_url":"https://www.wish.com/c/5b5efaad2731bc35e1cb07ad","true_tag_ids":["53dc186421a86318bdc87f2b","546e82940d725226768b4125"],"display_picture":"https://contestimg.wish.com/api/webimage/5b5efaad2731bc35e1cb07ad-medium.jpg?cache_buster=3ff069263d4ed49d9d7e0d60d4992be1","cache_buster":"3ff069263d4ed49d9d7e0d60d4992be1","merchant_info":{"image_url":"https://s3-us-west-1.amazonaws.com/sweeper-production-merchantimage/light_default_dp.png","subtitle":"75% Positive Feedback (4 ratings)","position":2,"title":"Lxiuu"},"contest_selected_picture":"https://contestimg.wish.com/api/webimage/5b5efaad2731bc35e1cb07ad-contest.jpg?cache_buster=3ff069263d4ed49d9d7e0d60d4992be1","localized_value":{"localized_value":384.0,"symbol":"","table_id":"5be9250090b8a6c3caf4cdbc","currency_code":"HKD"},"orig_height":800,"id":"5b5efaad2731bc35e1cb07ad","value":49,"orig_width":800,"is_new":false,"small_picture":"https://contestimg.wish.com/api/webimage/5b5efaad2731bc35e1cb07ad-small.jpg?cache_buster=3ff069263d4ed49d9d7e0d60d4992be1","boost_parameters":[{"content_type":1,"contents":[],"source":3,"bid":0.31},{"content_type":3,"contents":[],"source":3,"bid":0.31},{"content_type":4,"contents":["3 rows","21color lipstick","makeup","21 color sexy matte velvet","lip liner pen","lip","maquillaje","lip liners","24 rows","lipstick"],"source":3,"bid":0.31},{"content_type":10,"contents":[],"source":3,"bid":0.31},{"content_type":11,"contents":[],"source":3,"bid":0.31},{"content_type":12,"contents":[],"source":3,"bid":0.31},{"content_type":13,"contents":[],"source":3,"bid":0.31},{"content_type":14,"contents":[],"source":3,"bid":0.31},{"content_type":17,"contents":[],"source":3,"bid":0.31}],"should_block_impressions":false,"num_bought":1000,"name":"","generation_time":1542007610,"feed_tile_text":"1000+ bought this","image_phash":-1323052423660014640,"product_should_block_impressions":false,"product_badges":[],"contest_page_picture":"https://contestimg.wish.com/api/webimage/5b5efaad2731bc35e1cb07ad-large.jpg?cache_buster=3ff069263d4ed49d9d7e0d60d4992be1"},{"commerce_product_info":{"shipping_price_country_code":"US","total_inventory":50,"default_variation_experiment":{"no-init-max":{"shipping_price_country_code":"US","merchant_id":"58d3828699637874f89eb45a","has_tier_shipping_options":false,"inventory":50,"retail_price":10,"enabled":true,"shipping":7.0,"price":2,"price_before_personal_price":2,"product_id":"599fd57575b5ce1e943b1088","sequence_id":0,"size_id":"1","merchant_dp":"https://s3-us-west-1.amazonaws.com/sweeper-production-merchantimage/default_dp.png","merchant_rating_class":"star star-4-0","merchant_rating":3.962507058159232,"value_in_points":750,"localized_retail_price":{"localized_value":79.0,"symbol":"","table_id":"5be9250090b8a6c3caf4cdbc","currency_code":"HKD"},"localized_merchant_price":1.0,"localized_price_before_personal_price":{"localized_value":16.0,"symbol":"","table_id":"5be9250090b8a6c3caf4cdbc","currency_code":"HKD"},"merchant_name":"hoastlnen","merchant":"hoastlnen","shipping_options":[{"warehouse_type":2,"localized_price":{"localized_value":55.0,"symbol":"","table_id":"5be9250090b8a6c3caf4cdbc","currency_code":"HKD"},"price":7.0,"name":"Express Shipping","is_express_type":true,"option_id":"wish_express","id":"wish_express","inventory":27,"selected":false},{"warehouse_type":1,"localized_price":{"localized_value":8.0,"symbol":"","table_id":"5be9250090b8a6c3caf4cdbc","currency_code":"HKD"},"price":1,"name":"Standard Shipping","is_express_type":false,"option_id":"standard","id":"standard","inventory":26,"selected":true}],"shipping_countries_string":"Ships to United States and 25 other countries","merchant_rating_count":26565,"localized_shipping":{"localized_value":55.0,"symbol":"","table_id":"5be9250090b8a6c3caf4cdbc","currency_code":"HKD"},"removed":false,"localized_price":{"localized_value":16.0,"symbol":"","table_id":"5be9250090b8a6c3caf4cdbc","currency_code":"HKD"},"variation_id":"599fd57675b5ce1e943b1089"},"no-init-median":{"shipping_price_country_code":"US","merchant_id":"58d3828699637874f89eb45a","has_tier_shipping_options":false,"inventory":50,"retail_price":10,"enabled":true,"shipping":7.0,"price":2,"price_before_personal_price":2,"product_id":"599fd57575b5ce1e943b1088","sequence_id":0,"size_id":"1","merchant_dp":"https://s3-us-west-1.amazonaws.com/sweeper-production-merchantimage/default_dp.png","merchant_rating_class":"star star-4-0","merchant_rating":3.962507058159232,"value_in_points":750,"localized_retail_price":{"localized_value":79.0,"symbol":"","table_id":"5be9250090b8a6c3caf4cdbc","currency_code":"HKD"},"localized_merchant_price":1.0,"localized_price_before_personal_price":{"localized_value":16.0,"symbol":"","table_id":"5be9250090b8a6c3caf4cdbc","currency_code":"HKD"},"merchant_name":"hoastlnen","merchant":"hoastlnen","shipping_options":[{"warehouse_type":2,"localized_price":{"localized_value":55.0,"symbol":"","table_id":"5be9250090b8a6c3caf4cdbc","currency_code":"HKD"},"price":7.0,"name":"Express Shipping","is_express_type":true,"option_id":"wish_express","id":"wish_express","inventory":27,"selected":false},{"warehouse_type":1,"localized_price":{"localized_value":8.0,"symbol":"","table_id":"5be9250090b8a6c3caf4cdbc","currency_code":"HKD"},"price":1,"name":"Standard Shipping","is_express_type":false,"option_id":"standard","id":"standard","inventory":26,"selected":true}],"shipping_countries_string":"Ships to United States and 25 other countries","merchant_rating_count":26565,"localized_shipping":{"localized_value":55.0,"symbol":"","table_id":"5be9250090b8a6c3caf4cdbc","currency_code":"HKD"},"removed":false,"localized_price":{"localized_value":16.0,"symbol":"","table_id":"5be9250090b8a6c3caf4cdbc","currency_code":"HKD"},"variation_id":"599fd57675b5ce1e943b1089"},"init-max":{"shipping_price_country_code":"US","merchant_id":"58d3828699637874f89eb45a","has_tier_shipping_options":false,"inventory":50,"retail_price":10,"enabled":true,"shipping":7.0,"price":2,"price_before_personal_price":2,"product_id":"599fd57575b5ce1e943b1088","sequence_id":0,"size_id":"1","merchant_dp":"https://s3-us-west-1.amazonaws.com/sweeper-production-merchantimage/default_dp.png","merchant_rating_class":"star star-4-0","merchant_rating":3.962507058159232,"value_in_points":750,"localized_retail_price":{"localized_value":79.0,"symbol":"","table_id":"5be9250090b8a6c3caf4cdbc","currency_code":"HKD"},"localized_merchant_price":1.0,"localized_price_before_personal_price":{"localized_value":16.0,"symbol":"","table_id":"5be9250090b8a6c3caf4cdbc","currency_code":"HKD"},"merchant_name":"hoastlnen","merchant":"hoastlnen","shipping_options":[{"warehouse_type":2,"localized_price":{"localized_value":55.0,"symbol":"","table_id":"5be9250090b8a6c3caf4cdbc","currency_code":"HKD"},"price":7.0,"name":"Express Shipping","is_express_type":true,"option_id":"wish_express","id":"wish_express","inventory":27,"selected":false},{"warehouse_type":1,"localized_price":{"localized_value":8.0,"symbol":"","table_id":"5be9250090b8a6c3caf4cdbc","currency_code":"HKD"},"price":1,"name":"Standard Shipping","is_express_type":false,"option_id":"standard","id":"standard","inventory":26,"selected":true}],"shipping_countries_string":"Ships to United States and 25 other countries","merchant_rating_count":26565,"localized_shipping":{"localized_value":55.0,"symbol":"","table_id":"5be9250090b8a6c3caf4cdbc","currency_code":"HKD"},"removed":false,"localized_price":{"localized_value":16.0,"symbol":"","table_id":"5be9250090b8a6c3caf4cdbc","currency_code":"HKD"},"variation_id":"599fd57675b5ce1e943b1089"},"init-median":{"shipping_price_country_code":"US","merchant_id":"58d3828699637874f89eb45a","has_tier_shipping_options":false,"inventory":50,"retail_price":10,"enabled":true,"shipping":7.0,"price":2,"price_before_personal_price":2,"product_id":"599fd57575b5ce1e943b1088","sequence_id":0,"size_id":"1","merchant_dp":"https://s3-us-west-1.amazonaws.com/sweeper-production-merchantimage/default_dp.png","merchant_rating_class":"star star-4-0","merchant_rating":3.962507058159232,"value_in_points":750,"localized_retail_price":{"localized_value":79.0,"symbol":"","table_id":"5be9250090b8a6c3caf4cdbc","currency_code":"HKD"},"localized_merchant_price":1.0,"localized_price_before_personal_price":{"localized_value":16.0,"symbol":"","table_id":"5be9250090b8a6c3caf4cdbc","currency_code":"HKD"},"merchant_name":"hoastlnen","merchant":"hoastlnen","shipping_options":[{"warehouse_type":2,"localized_price":{"localized_value":55.0,"symbol":"","table_id":"5be9250090b8a6c3caf4cdbc","currency_code":"HKD"},"price":7.0,"name":"Express Shipping","is_express_type":true,"option_id":"wish_express","id":"wish_express","inventory":27,"selected":false},{"warehouse_type":1,"localized_price":{"localized_value":8.0,"symbol":"","table_id":"5be9250090b8a6c3caf4cdbc","currency_code":"HKD"},"price":1,"name":"Standard Shipping","is_express_type":false,"option_id":"standard","id":"standard","inventory":26,"selected":true}],"shipping_countries_string":"Ships to United States and 25 other countries","merchant_rating_count":26565,"localized_shipping":{"localized_value":55.0,"symbol":"","table_id":"5be9250090b8a6c3caf4cdbc","currency_code":"HKD"},"removed":false,"localized_price":{"localized_value":16.0,"symbol":"","table_id":"5be9250090b8a6c3caf4cdbc","currency_code":"HKD"},"variation_id":"599fd57675b5ce1e943b1089"}},"variations":[{"shipping_price_country_code":"US","merchant_id":"58d3828699637874f89eb45a","has_tier_shipping_options":false,"inventory":50,"retail_price":10,"enabled":true,"shipping":7.0,"price":2,"price_before_personal_price":2,"product_id":"599fd57575b5ce1e943b1088","sequence_id":0,"size_id":"1","merchant_dp":"https://s3-us-west-1.amazonaws.com/sweeper-production-merchantimage/default_dp.png","merchant_rating_class":"star star-4-0","merchant_rating":3.962507058159232,"value_in_points":750,"localized_retail_price":{"localized_value":79.0,"symbol":"","table_id":"5be9250090b8a6c3caf4cdbc","currency_code":"HKD"},"localized_merchant_price":1.0,"localized_price_before_personal_price":{"localized_value":16.0,"symbol":"","table_id":"5be9250090b8a6c3caf4cdbc","currency_code":"HKD"},"merchant_name":"hoastlnen","merchant":"hoastlnen","shipping_options":[{"warehouse_type":2,"localized_price":{"localized_value":55.0,"symbol":"","table_id":"5be9250090b8a6c3caf4cdbc","currency_code":"HKD"},"price":7.0,"name":"Express Shipping","is_express_type":true,"option_id":"wish_express","id":"wish_express","inventory":27,"selected":false},{"warehouse_type":1,"localized_price":{"localized_value":8.0,"symbol":"","table_id":"5be9250090b8a6c3caf4cdbc","currency_code":"HKD"},"price":1,"name":"Standard Shipping","is_express_type":false,"option_id":"standard","id":"standard","inventory":26,"selected":true}],"shipping_countries_string":"Ships to United States and 25 other countries","merchant_rating_count":26565,"localized_shipping":{"localized_value":55.0,"symbol":"","table_id":"5be9250090b8a6c3caf4cdbc","currency_code":"HKD"},"removed":false,"localized_price":{"localized_value":16.0,"symbol":"","table_id":"5be9250090b8a6c3caf4cdbc","currency_code":"HKD"},"variation_id":"599fd57675b5ce1e943b1089"},{"shipping_price_country_code":"US","merchant_id":"58d3828699637874f89eb45a","has_tier_shipping_options":false,"inventory":50,"retail_price":10,"enabled":true,"shipping":7.0,"price":2,"price_before_personal_price":2,"product_id":"599fd57575b5ce1e943b1088","sequence_id":0,"size_id":"4","merchant_dp":"https://s3-us-west-1.amazonaws.com/sweeper-production-merchantimage/default_dp.png","merchant_rating_class":"star star-4-0","merchant_rating":3.962507058159232,"value_in_points":750,"localized_retail_price":{"localized_value":79.0,"symbol":"","table_id":"5be9250090b8a6c3caf4cdbc","currency_code":"HKD"},"localized_merchant_price":1.0,"localized_price_before_personal_price":{"localized_value":16.0,"symbol":"","table_id":"5be9250090b8a6c3caf4cdbc","currency_code":"HKD"},"merchant_name":"hoastlnen","merchant":"hoastlnen","shipping_options":[{"warehouse_type":2,"localized_price":{"localized_value":55.0,"symbol":"","table_id":"5be9250090b8a6c3caf4cdbc","currency_code":"HKD"},"price":7.0,"name":"Express Shipping","is_express_type":true,"option_id":"wish_express","id":"wish_express","inventory":21,"selected":false},{"warehouse_type":1,"localized_price":{"localized_value":8.0,"symbol":"","table_id":"5be9250090b8a6c3caf4cdbc","currency_code":"HKD"},"price":1,"name":"Standard Shipping","is_express_type":false,"option_id":"standard","id":"standard","inventory":50,"selected":true}],"shipping_countries_string":"Ships to United States and 25 other countries","merchant_rating_count":26565,"localized_shipping":{"localized_value":55.0,"symbol":"","table_id":"5be9250090b8a6c3caf4cdbc","currency_code":"HKD"},"removed":false,"localized_price":{"localized_value":16.0,"symbol":"","table_id":"5be9250090b8a6c3caf4cdbc","currency_code":"HKD"},"variation_id":"599fd57775b5ce1e943b1090"}],"can_ship_to_location":false,"logging_fields":{"log_is_pb":"0","log_product_id":"599fd57575b5ce1e943b1088","log_tid":212,"log_session_id":"e00693542f50442f806f9463022436d6","log_request_id":"5be9313d98e2193b07035d2b","log_request_time":1542009149,"log_product_price":"2"},"has_tier_shipping_options":false,"id":"599fd57575b5ce1e943b1088","blocked_shipping_countries":[],"has_misleading_price":false},"aspect_ratio":1.0,"product_url":"https://www.wish.com/c/599fd57575b5ce1e943b1088","true_tag_ids":["5478f28258f177436386b912"],"display_picture":"https://contestimg.wish.com/api/webimage/599fd57575b5ce1e943b1088-medium.jpg?cache_buster=fef207bcb1cd95af2b33476d6a311531","cache_buster":"fef207bcb1cd95af2b33476d6a311531","merchant_info":{"image_url":"https://s3-us-west-1.amazonaws.com/sweeper-production-merchantimage/light_default_dp.png","subtitle":"83% Positive Feedback (26,565 ratings)","position":2,"title":"hoastlnen"},"contest_selected_picture":"https://contestimg.wish.com/api/webimage/599fd57575b5ce1e943b1088-contest.jpg?cache_buster=fef207bcb1cd95af2b33476d6a311531","localized_value":{"localized_value":79.0,"symbol":"","table_id":"5be9250090b8a6c3caf4cdbc","currency_code":"HKD"},"orig_height":700,"id":"599fd57575b5ce1e943b1088","value":10,"orig_width":700,"is_new":false,"small_picture":"https://contestimg.wish.com/api/webimage/599fd57575b5ce1e943b1088-small.jpg?cache_buster=fef207bcb1cd95af2b33476d6a311531","boost_parameters":[],"should_block_impressions":false,"num_bought":1000,"name":"","generation_time":1542007607,"feed_tile_text":"1000+ bought this","product_should_block_impressions":false,"image_phash":-1808481692470113272,"product_badges":[{"badge_extra_message":"Fast Shipping!","badge_short_description":"5-7 day delivery","badge_title":"Faster Shipping","badge_type":2,"badge_message":"Get 5 - 7 day delivery on this product!"}],"contest_page_picture":"https://contestimg.wish.com/api/webimage/599fd57575b5ce1e943b1088-large.jpg?cache_buster=fef207bcb1cd95af2b33476d6a311531"}]}}
	at com.roger.grab.base.common.util.GrabAnalysisUtil._checkResultCode_fastJson(GrabAnalysisUtil.java:270)
	at com.roger.grab.base.common.util.GrabAnalysisUtil._doAnalysis(GrabAnalysisUtil.java:134)
	at com.roger.grab.base.common.util.GrabAnalysisUtil.doAnalysis(GrabAnalysisUtil.java:108)
	at com.roger.grab.base.common.httpClient.GrabHttpClient.doHttp(GrabHttpClient.java:110)
	at com.grab.WishTester.doGet(WishTester.java:344)
	at sun.reflect.NativeMethodAccessorImpl.invoke0(Native Method)
	at java.lang.reflect.Method.invoke(Method.java:498)
	at org.test4j.testng.Test4JHookable.run(Test4JHookable.java:56)
	at sun.reflect.NativeMethodAccessorImpl.invoke0(Native Method)
	at java.lang.reflect.Method.invoke(Method.java:498)
]]>
    </failure>
  </testcase> <!-- doGet -->
</testsuite> <!-- Default test -->
