<?xml version="1.0" encoding="UTF-8"?>
<testng-results skipped="0" failed="0" total="1" passed="1">
  <reporter-output>
  </reporter-output>
  <suite name="Default suite" duration-ms="2578" started-at="2018-11-26T03:51:20Z" finished-at="2018-11-26T03:51:23Z">
    <groups>
    </groups>
    <test name="Default test" duration-ms="2578" started-at="2018-11-26T03:51:20Z" finished-at="2018-11-26T03:51:23Z">
      <class name="com.grab.MeizuHome">
        <test-method status="PASS" signature="aBeforeClass(org.testng.ITestContext)[pri:0, instance:com.grab.MeizuHome@1a3869f4]" name="aBeforeClass" is-config="true" duration-ms="2332" started-at="2018-11-26T11:51:20Z" finished-at="2018-11-26T11:51:23Z">
          <params>
            <param index="0">
              <value>
                <![CDATA[org.testng.TestRunner@73aff8f1]]>
              </value>
            </param>
          </params>
          <reporter-output>
          </reporter-output>
        </test-method> <!-- aBeforeClass -->
        <test-method status="PASS" signature="aBeforeMethod(java.lang.reflect.Method)[pri:0, instance:com.grab.MeizuHome@1a3869f4]" name="aBeforeMethod" is-config="true" duration-ms="11" started-at="2018-11-26T11:51:23Z" finished-at="2018-11-26T11:51:23Z">
          <params>
            <param index="0">
              <value>
                <![CDATA[public void com.grab.MeizuHome.addUser() throws java.lang.Exception]]>
              </value>
            </param>
          </params>
          <reporter-output>
          </reporter-output>
        </test-method> <!-- aBeforeMethod -->
        <test-method status="PASS" signature="addUser()[pri:0, instance:com.grab.MeizuHome@1a3869f4]" name="addUser" duration-ms="223" started-at="2018-11-26T11:51:23Z" finished-at="2018-11-26T11:51:23Z">
          <reporter-output>
          </reporter-output>
        </test-method> <!-- addUser -->
        <test-method status="PASS" signature="zAfterMethod(java.lang.reflect.Method)[pri:0, instance:com.grab.MeizuHome@1a3869f4]" name="zAfterMethod" is-config="true" duration-ms="0" started-at="2018-11-26T11:51:23Z" finished-at="2018-11-26T11:51:23Z">
          <params>
            <param index="0">
              <value>
                <![CDATA[public void com.grab.MeizuHome.addUser() throws java.lang.Exception]]>
              </value>
            </param>
          </params>
          <reporter-output>
          </reporter-output>
        </test-method> <!-- zAfterMethod -->
        <test-method status="PASS" signature="zAfterClass()[pri:0, instance:com.grab.MeizuHome@1a3869f4]" name="zAfterClass" is-config="true" duration-ms="2" started-at="2018-11-26T11:51:23Z" finished-at="2018-11-26T11:51:23Z">
          <reporter-output>
          </reporter-output>
        </test-method> <!-- zAfterClass -->
      </class> <!-- com.grab.MeizuHome -->
    </test> <!-- Default test -->
  </suite> <!-- Default suite -->
</testng-results>
