<?xml version="1.0" encoding="UTF-8"?>
<testng-results skipped="0" failed="0" total="1" passed="1">
  <reporter-output>
  </reporter-output>
  <suite name="Default suite" duration-ms="1851" started-at="2018-11-12T07:15:04Z" finished-at="2018-11-12T07:15:05Z">
    <groups>
    </groups>
    <test name="Default test" duration-ms="1851" started-at="2018-11-12T07:15:04Z" finished-at="2018-11-12T07:15:05Z">
      <class name="com.roger.grab.common.CPTester">
        <test-method status="PASS" signature="aBeforeClass(org.testng.ITestContext)[pri:0, instance:com.roger.grab.common.CPTester@50d0686]" name="aBeforeClass" is-config="true" duration-ms="1770" started-at="2018-11-12T15:15:04Z" finished-at="2018-11-12T15:15:05Z">
          <params>
            <param index="0">
              <value>
                <![CDATA[org.testng.TestRunner@4d411036]]>
              </value>
            </param>
          </params>
          <reporter-output>
          </reporter-output>
        </test-method> <!-- aBeforeClass -->
        <test-method status="PASS" signature="aBeforeMethod(java.lang.reflect.Method)[pri:0, instance:com.roger.grab.common.CPTester@50d0686]" name="aBeforeMethod" is-config="true" duration-ms="12" started-at="2018-11-12T15:15:05Z" finished-at="2018-11-12T15:15:05Z">
          <params>
            <param index="0">
              <value>
                <![CDATA[public void com.roger.grab.common.CPTester.add()]]>
              </value>
            </param>
          </params>
          <reporter-output>
          </reporter-output>
        </test-method> <!-- aBeforeMethod -->
        <test-method status="PASS" signature="add()[pri:0, instance:com.roger.grab.common.CPTester@50d0686]" name="add" duration-ms="57" started-at="2018-11-12T15:15:05Z" finished-at="2018-11-12T15:15:05Z">
          <reporter-output>
          </reporter-output>
        </test-method> <!-- add -->
        <test-method status="PASS" signature="zAfterMethod(java.lang.reflect.Method)[pri:0, instance:com.roger.grab.common.CPTester@50d0686]" name="zAfterMethod" is-config="true" duration-ms="1" started-at="2018-11-12T15:15:05Z" finished-at="2018-11-12T15:15:05Z">
          <params>
            <param index="0">
              <value>
                <![CDATA[public void com.roger.grab.common.CPTester.add()]]>
              </value>
            </param>
          </params>
          <reporter-output>
          </reporter-output>
        </test-method> <!-- zAfterMethod -->
        <test-method status="PASS" signature="zAfterClass()[pri:0, instance:com.roger.grab.common.CPTester@50d0686]" name="zAfterClass" is-config="true" duration-ms="1" started-at="2018-11-12T15:15:05Z" finished-at="2018-11-12T15:15:05Z">
          <reporter-output>
          </reporter-output>
        </test-method> <!-- zAfterClass -->
      </class> <!-- com.roger.grab.common.CPTester -->
    </test> <!-- Default test -->
  </suite> <!-- Default suite -->
</testng-results>
