<?xml version="1.0" encoding="UTF-8"?>
<testng-results skipped="0" failed="0" total="1" passed="1">
  <reporter-output>
  </reporter-output>
  <suite name="Default suite" duration-ms="2468" started-at="2018-11-27T02:39:29Z" finished-at="2018-11-27T02:39:31Z">
    <groups>
    </groups>
    <test name="Default test" duration-ms="2468" started-at="2018-11-27T02:39:29Z" finished-at="2018-11-27T02:39:31Z">
      <class name="com.roger.grab.common.CPTester">
        <test-method status="PASS" signature="aBeforeClass(org.testng.ITestContext)[pri:0, instance:com.roger.grab.common.CPTester@6ee52dcd]" name="aBeforeClass" is-config="true" duration-ms="2383" started-at="2018-11-27T10:39:29Z" finished-at="2018-11-27T10:39:31Z">
          <params>
            <param index="0">
              <value>
                <![CDATA[org.testng.TestRunner@3b366632]]>
              </value>
            </param>
          </params>
          <reporter-output>
          </reporter-output>
        </test-method> <!-- aBeforeClass -->
        <test-method status="PASS" signature="aBeforeMethod(java.lang.reflect.Method)[pri:0, instance:com.roger.grab.common.CPTester@6ee52dcd]" name="aBeforeMethod" is-config="true" duration-ms="9" started-at="2018-11-27T10:39:31Z" finished-at="2018-11-27T10:39:31Z">
          <params>
            <param index="0">
              <value>
                <![CDATA[public void com.roger.grab.common.CPTester.add()]]>
              </value>
            </param>
          </params>
          <reporter-output>
          </reporter-output>
        </test-method> <!-- aBeforeMethod -->
        <test-method status="PASS" signature="add()[pri:0, instance:com.roger.grab.common.CPTester@6ee52dcd]" name="add" duration-ms="65" started-at="2018-11-27T10:39:31Z" finished-at="2018-11-27T10:39:31Z">
          <reporter-output>
          </reporter-output>
        </test-method> <!-- add -->
        <test-method status="PASS" signature="zAfterMethod(java.lang.reflect.Method)[pri:0, instance:com.roger.grab.common.CPTester@6ee52dcd]" name="zAfterMethod" is-config="true" duration-ms="0" started-at="2018-11-27T10:39:31Z" finished-at="2018-11-27T10:39:31Z">
          <params>
            <param index="0">
              <value>
                <![CDATA[public void com.roger.grab.common.CPTester.add()]]>
              </value>
            </param>
          </params>
          <reporter-output>
          </reporter-output>
        </test-method> <!-- zAfterMethod -->
        <test-method status="PASS" signature="zAfterClass()[pri:0, instance:com.roger.grab.common.CPTester@6ee52dcd]" name="zAfterClass" is-config="true" duration-ms="1" started-at="2018-11-27T10:39:31Z" finished-at="2018-11-27T10:39:31Z">
          <reporter-output>
          </reporter-output>
        </test-method> <!-- zAfterClass -->
      </class> <!-- com.roger.grab.common.CPTester -->
    </test> <!-- Default test -->
  </suite> <!-- Default suite -->
</testng-results>
